Using pre-set license
Built from '2020.3/release' branch; Version is '2020.3.7f1 (dd97f2c94397) revision 14522354'; Using compiler version '192528614'; Build Type 'Release'
OS: 'Windows 10 Home; OS build 19042.985; Version 2009; 64bit' Language: 'en' Physical Memory: 16328 MB
BatchMode: 1, IsHumanControllingUs: 0, StartBugReporterOnCrash: 0, Is64bit: 1, IsPro: 0

 COMMAND LINE ARGUMENTS:
C:\Program Files\Unity\Hub\Editor\2020.3.7f1\Editor\Unity.exe
-adb2
-batchMode
-noUpm
-name
AssetImportWorker0
-projectPath
C:/Users/YangD/OneDrive/Documents/GitHub/Unity/Learnings/Create with Code/Personal Practice/CityHunter
-logFile
Logs/AssetImportWorker0.log
-srvPort
53424
Successfully changed project path to: C:/Users/YangD/OneDrive/Documents/GitHub/Unity/Learnings/Create with Code/Personal Practice/CityHunter
C:/Users/YangD/OneDrive/Documents/GitHub/Unity/Learnings/Create with Code/Personal Practice/CityHunter
Using Asset Import Pipeline V2.
Refreshing native plugins compatible for Editor in 113.35 ms, found 1 plugins.
Preloading 0 native plugins for Editor in 0.00 ms.
Initialize engine version: 2020.3.7f1 (dd97f2c94397)
[Subsystems] Discovering subsystems at path C:/Program Files/Unity/Hub/Editor/2020.3.7f1/Editor/Data/Resources/UnitySubsystems
[Subsystems] Discovering subsystems at path C:/Users/YangD/OneDrive/Documents/GitHub/Unity/Learnings/Create with Code/Personal Practice/CityHunter/Assets
GfxDevice: creating device client; threaded=0
Direct3D:
    Version:  Direct3D 11.0 [level 11.0]
    Renderer: NVIDIA GeForce GPU (ID=0x1392)
    Vendor:   
    VRAM:     2007 MB
    Driver:   23.21.13.9125
Initialize mono
Mono path[0] = 'C:/Program Files/Unity/Hub/Editor/2020.3.7f1/Editor/Data/Managed'
Mono path[1] = 'C:/Program Files/Unity/Hub/Editor/2020.3.7f1/Editor/Data/MonoBleedingEdge/lib/mono/unityjit'
Mono config path = 'C:/Program Files/Unity/Hub/Editor/2020.3.7f1/Editor/Data/MonoBleedingEdge/etc'
Using monoOptions --debugger-agent=transport=dt_socket,embedding=1,server=y,suspend=n,address=127.0.0.1:56160
Begin MonoManager ReloadAssembly
Registering precompiled unity dll's ...
Register platform support module: C:/Program Files/Unity/Hub/Editor/2020.3.7f1/Editor/Data/PlaybackEngines/WebGLSupport/UnityEditor.WebGL.Extensions.dll
Register platform support module: C:/Program Files/Unity/Hub/Editor/2020.3.7f1/Editor/Data/PlaybackEngines/WindowsStandaloneSupport/UnityEditor.WindowsStandalone.Extensions.dll
Registered in 0.003296 seconds.
Native extension for WindowsStandalone target not found
Native extension for WebGL target not found
Refreshing native plugins compatible for Editor in 143.06 ms, found 1 plugins.
Preloading 0 native plugins for Editor in 0.00 ms.
Mono: successfully reloaded assembly
- Completed reload, in  5.131 seconds
Platform modules already initialized, skipping
Registering precompiled user dll's ...
Registered in 0.005213 seconds.
Begin MonoManager ReloadAssembly
Native extension for WindowsStandalone target not found
Native extension for WebGL target not found
Refreshing native plugins compatible for Editor in 0.76 ms, found 1 plugins.
Preloading 0 native plugins for Editor in 0.00 ms.
Mono: successfully reloaded assembly
- Completed reload, in  1.424 seconds
Platform modules already initialized, skipping
========================================================================
Worker process is ready to serve import requests
Launched and connected shader compiler UnityShaderCompiler.exe after 0.06 seconds
Refreshing native plugins compatible for Editor in 0.67 ms, found 1 plugins.
Preloading 0 native plugins for Editor in 0.00 ms.
Unloading 2766 Unused Serialized files (Serialized files now loaded: 0)
System memory in use before: 105.3 MB.
System memory in use after: 105.4 MB.

Unloading 16 unused Assets to reduce memory usage. Loaded Objects now: 3204.
Total: 2.974500 ms (FindLiveObjects: 0.393200 ms CreateObjectMapping: 0.289700 ms MarkObjects: 2.166100 ms  DeleteObjects: 0.123900 ms)

========================================================================
Received Import Request.
  path: Assets/Prefabs/Obstacles/Obstacle1.prefab
  artifactKey: Guid(df03746c89980e64b943adbb461fb045) Importer(815301076,1909f56bfc062723c751e8b465ee728b)
Start importing Assets/Prefabs/Obstacles/Obstacle1.prefab using Guid(df03746c89980e64b943adbb461fb045) Importer(815301076,1909f56bfc062723c751e8b465ee728b)  -> (artifact id: '014be427c006ccae65b8290e3c607f44') in 0.173605 seconds
  Import took 0.180137 seconds .

========================================================================
Received Prepare
Registering precompiled user dll's ...
Registered in 0.004563 seconds.
Begin MonoManager ReloadAssembly
Native extension for WindowsStandalone target not found
Native extension for WebGL target not found
Refreshing native plugins compatible for Editor in 0.71 ms, found 1 plugins.
Preloading 0 native plugins for Editor in 0.00 ms.
Mono: successfully reloaded assembly
- Completed reload, in  1.511 seconds
Platform modules already initialized, skipping
Refreshing native plugins compatible for Editor in 0.63 ms, found 1 plugins.
Preloading 0 native plugins for Editor in 0.00 ms.
Unloading 2747 Unused Serialized files (Serialized files now loaded: 0)
System memory in use before: 106.8 MB.
System memory in use after: 107.0 MB.

Unloading 11 unused Assets to reduce memory usage. Loaded Objects now: 3214.
Total: 2.535000 ms (FindLiveObjects: 0.327300 ms CreateObjectMapping: 0.174900 ms MarkObjects: 1.947700 ms  DeleteObjects: 0.081400 ms)

========================================================================
Received Prepare
Registering precompiled user dll's ...
Registered in 0.004906 seconds.
Begin MonoManager ReloadAssembly
Native extension for WindowsStandalone target not found
Native extension for WebGL target not found
Refreshing native plugins compatible for Editor in 0.70 ms, found 1 plugins.
Preloading 0 native plugins for Editor in 0.00 ms.
Mono: successfully reloaded assembly
- Completed reload, in  1.347 seconds
Platform modules already initialized, skipping
Refreshing native plugins compatible for Editor in 0.66 ms, found 1 plugins.
Preloading 0 native plugins for Editor in 0.00 ms.
Unloading 2747 Unused Serialized files (Serialized files now loaded: 0)
System memory in use before: 106.9 MB.
System memory in use after: 107.1 MB.

Unloading 11 unused Assets to reduce memory usage. Loaded Objects now: 3217.
Total: 3.700000 ms (FindLiveObjects: 0.453200 ms CreateObjectMapping: 0.166800 ms MarkObjects: 2.979200 ms  DeleteObjects: 0.098900 ms)

========================================================================
Received Import Request.
  Time since last request: 41116.461318 seconds.
  path: Assets/Stuffs/Sound/Music
  artifactKey: Guid(9b599293d4a1c4357b8f13f7c2d8bcf6) Importer(815301076,1909f56bfc062723c751e8b465ee728b)
Start importing Assets/Stuffs/Sound/Music using Guid(9b599293d4a1c4357b8f13f7c2d8bcf6) Importer(815301076,1909f56bfc062723c751e8b465ee728b)  -> (artifact id: '3347f2089a7b20d6a6f23ae807989e8c') in 0.021323 seconds
  Import took 0.030252 seconds .

========================================================================
Received Import Request.
  Time since last request: 0.097923 seconds.
  path: Assets/Stuffs/Sound/Music/cron_audio_8-bit_modern01.ogg
  artifactKey: Guid(834bc99524a174a378e982623582c06d) Importer(815301076,1909f56bfc062723c751e8b465ee728b)
Start importing Assets/Stuffs/Sound/Music/cron_audio_8-bit_modern01.ogg using Guid(834bc99524a174a378e982623582c06d) Importer(815301076,1909f56bfc062723c751e8b465ee728b)  -> (artifact id: '31a9f0e7d17ab112a2fdaee5537ed550') in 0.149117 seconds
  Import took 0.155854 seconds .

========================================================================
Received Import Request.
  Time since last request: 0.000400 seconds.
  path: Assets/Stuffs/Sound/Music/cron_audio_8-bit_modern03.ogg
  artifactKey: Guid(d70999ba737574c808b1d37cbdca0c37) Importer(815301076,1909f56bfc062723c751e8b465ee728b)
Start importing Assets/Stuffs/Sound/Music/cron_audio_8-bit_modern03.ogg using Guid(d70999ba737574c808b1d37cbdca0c37) Importer(815301076,1909f56bfc062723c751e8b465ee728b)  -> (artifact id: '806b6d11596b7643ed9ace41d74e1d09') in 0.034390 seconds
  Import took 0.041376 seconds .

========================================================================
Received Import Request.
  Time since last request: 0.000457 seconds.
  path: Assets/Stuffs/Sound/Music/cron_audio_8-bit_modern02.ogg
  artifactKey: Guid(606910ec401804eb09925f0d57909c04) Importer(815301076,1909f56bfc062723c751e8b465ee728b)
Start importing Assets/Stuffs/Sound/Music/cron_audio_8-bit_modern02.ogg using Guid(606910ec401804eb09925f0d57909c04) Importer(815301076,1909f56bfc062723c751e8b465ee728b)  -> (artifact id: '796a43293bb588248f9f8fd2af42726b') in 0.030054 seconds
  Import took 0.037647 seconds .

========================================================================
Received Prepare
Registering precompiled user dll's ...
Registered in 0.006074 seconds.
Begin MonoManager ReloadAssembly
Native extension for WindowsStandalone target not found
Native extension for WebGL target not found
Refreshing native plugins compatible for Editor in 0.64 ms, found 1 plugins.
Preloading 0 native plugins for Editor in 0.00 ms.
Mono: successfully reloaded assembly
- Completed reload, in  1.291 seconds
Platform modules already initialized, skipping
Refreshing native plugins compatible for Editor in 0.67 ms, found 1 plugins.
Preloading 0 native plugins for Editor in 0.00 ms.
Unloading 2747 Unused Serialized files (Serialized files now loaded: 0)
System memory in use before: 106.9 MB.
System memory in use after: 107.1 MB.

Unloading 11 unused Assets to reduce memory usage. Loaded Objects now: 3223.
Total: 2.657400 ms (FindLiveObjects: 0.341600 ms CreateObjectMapping: 0.150100 ms MarkObjects: 2.073700 ms  DeleteObjects: 0.090800 ms)

========================================================================
Received Prepare
Registering precompiled user dll's ...
Registered in 0.004972 seconds.
Begin MonoManager ReloadAssembly
Native extension for WindowsStandalone target not found
Native extension for WebGL target not found
Refreshing native plugins compatible for Editor in 0.69 ms, found 1 plugins.
Preloading 0 native plugins for Editor in 0.00 ms.
Mono: successfully reloaded assembly
- Completed reload, in  1.222 seconds
Platform modules already initialized, skipping
Refreshing native plugins compatible for Editor in 0.63 ms, found 1 plugins.
Preloading 0 native plugins for Editor in 0.00 ms.
Unloading 2747 Unused Serialized files (Serialized files now loaded: 0)
System memory in use before: 106.9 MB.
System memory in use after: 107.1 MB.

Unloading 11 unused Assets to reduce memory usage. Loaded Objects now: 3226.
Total: 2.942900 ms (FindLiveObjects: 0.393300 ms CreateObjectMapping: 0.317300 ms MarkObjects: 2.092200 ms  DeleteObjects: 0.138700 ms)

========================================================================
Received Prepare
Registering precompiled user dll's ...
Registered in 0.004988 seconds.
Begin MonoManager ReloadAssembly
Native extension for WindowsStandalone target not found
Native extension for WebGL target not found
Refreshing native plugins compatible for Editor in 0.67 ms, found 1 plugins.
Preloading 0 native plugins for Editor in 0.00 ms.
Mono: successfully reloaded assembly
- Completed reload, in  1.198 seconds
Platform modules already initialized, skipping
Refreshing native plugins compatible for Editor in 0.68 ms, found 1 plugins.
Preloading 0 native plugins for Editor in 0.00 ms.
Unloading 2747 Unused Serialized files (Serialized files now loaded: 0)
System memory in use before: 107.0 MB.
System memory in use after: 107.2 MB.

Unloading 11 unused Assets to reduce memory usage. Loaded Objects now: 3229.
Total: 2.325100 ms (FindLiveObjects: 0.281700 ms CreateObjectMapping: 0.148800 ms MarkObjects: 1.809300 ms  DeleteObjects: 0.084100 ms)

========================================================================
Received Import Request.
  Time since last request: 1141.423318 seconds.
  path: Assets/Scripts/Player/PlayerController.cs
  artifactKey: Guid(bc74202421bd73b48aa9f3b772ee2ddd) Importer(815301076,1909f56bfc062723c751e8b465ee728b)
Start importing Assets/Scripts/Player/PlayerController.cs using Guid(bc74202421bd73b48aa9f3b772ee2ddd) Importer(815301076,1909f56bfc062723c751e8b465ee728b)  -> (artifact id: '731e0d31983037422810727e575346a4') in 0.027152 seconds
  Import took 0.034743 seconds .

========================================================================
Received Import Request.
  Time since last request: 0.001153 seconds.
  path: Assets/Scripts/Player/PlayerController.cs
  artifactKey: Guid(bc74202421bd73b48aa9f3b772ee2ddd) Importer(815301076,1909f56bfc062723c751e8b465ee728b)
Start importing Assets/Scripts/Player/PlayerController.cs using Guid(bc74202421bd73b48aa9f3b772ee2ddd) Importer(815301076,1909f56bfc062723c751e8b465ee728b)  -> (artifact id: '731e0d31983037422810727e575346a4') in 0.006109 seconds
  Import took 0.013571 seconds .

========================================================================
Received Prepare
Registering precompiled user dll's ...
Registered in 0.006766 seconds.
Begin MonoManager ReloadAssembly
Native extension for WindowsStandalone target not found
Native extension for WebGL target not found
Refreshing native plugins compatible for Editor in 0.64 ms, found 1 plugins.
Preloading 0 native plugins for Editor in 0.00 ms.
Mono: successfully reloaded assembly
- Completed reload, in  1.252 seconds
Platform modules already initialized, skipping
Refreshing native plugins compatible for Editor in 0.68 ms, found 1 plugins.
Preloading 0 native plugins for Editor in 0.00 ms.
Unloading 2747 Unused Serialized files (Serialized files now loaded: 0)
System memory in use before: 107.0 MB.
System memory in use after: 107.2 MB.

Unloading 11 unused Assets to reduce memory usage. Loaded Objects now: 3232.
Total: 3.443500 ms (FindLiveObjects: 0.417300 ms CreateObjectMapping: 0.314700 ms MarkObjects: 2.573300 ms  DeleteObjects: 0.136700 ms)

========================================================================
Received Import Request.
  Time since last request: 271.944936 seconds.
  path: Assets/Scripts/Player/PlayerController.cs
  artifactKey: Guid(bc74202421bd73b48aa9f3b772ee2ddd) Importer(815301076,1909f56bfc062723c751e8b465ee728b)
Start importing Assets/Scripts/Player/PlayerController.cs using Guid(bc74202421bd73b48aa9f3b772ee2ddd) Importer(815301076,1909f56bfc062723c751e8b465ee728b)  -> (artifact id: 'f118c18f4aa2a3144802682f178ba30b') in 0.010213 seconds
  Import took 0.017115 seconds .

========================================================================
Received Import Request.
  Time since last request: 3.662457 seconds.
  path: Assets/Scripts/Player/PlayerController.cs
  artifactKey: Guid(bc74202421bd73b48aa9f3b772ee2ddd) Importer(815301076,1909f56bfc062723c751e8b465ee728b)
Start importing Assets/Scripts/Player/PlayerController.cs using Guid(bc74202421bd73b48aa9f3b772ee2ddd) Importer(815301076,1909f56bfc062723c751e8b465ee728b)  -> (artifact id: 'f118c18f4aa2a3144802682f178ba30b') in 0.004846 seconds
  Import took 0.010922 seconds .

========================================================================
Received Import Request.
  Time since last request: 14.026732 seconds.
  path: Assets/Prefabs/Player.prefab
  artifactKey: Guid(863d46a963b0966459eb126ef0cd2abb) Importer(815301076,1909f56bfc062723c751e8b465ee728b)
Start importing Assets/Prefabs/Player.prefab using Guid(863d46a963b0966459eb126ef0cd2abb) Importer(815301076,1909f56bfc062723c751e8b465ee728b)  -> (artifact id: 'f842513f8a26f6bd4efe0d929d12a00c') in 0.333338 seconds
  Import took 0.347030 seconds .

========================================================================
Received Import Request.
  Time since last request: 14.195363 seconds.
  path: Assets/Stuffs/Sound/SFX
  artifactKey: Guid(bafa4249fee244c6f8618214665cec29) Importer(815301076,1909f56bfc062723c751e8b465ee728b)
Start importing Assets/Stuffs/Sound/SFX using Guid(bafa4249fee244c6f8618214665cec29) Importer(815301076,1909f56bfc062723c751e8b465ee728b)  -> (artifact id: '86e3ba4994d47ff5b0df09bb140437ae') in 0.016275 seconds
  Import took 0.024819 seconds .

========================================================================
Received Import Request.
  Time since last request: 0.000872 seconds.
  path: Assets/Stuffs/Sound/SFX
  artifactKey: Guid(bafa4249fee244c6f8618214665cec29) Importer(815301076,1909f56bfc062723c751e8b465ee728b)
Start importing Assets/Stuffs/Sound/SFX using Guid(bafa4249fee244c6f8618214665cec29) Importer(815301076,1909f56bfc062723c751e8b465ee728b)  -> (artifact id: '86e3ba4994d47ff5b0df09bb140437ae') in 0.005841 seconds
  Import took 0.015075 seconds .

========================================================================
Received Import Request.
  Time since last request: 0.090430 seconds.
  path: Assets/Stuffs/Sound/SFX/crash1.wav
  artifactKey: Guid(4bcde6de2166e41e284ec46d8a01fb90) Importer(815301076,1909f56bfc062723c751e8b465ee728b)
Start importing Assets/Stuffs/Sound/SFX/crash1.wav using Guid(4bcde6de2166e41e284ec46d8a01fb90) Importer(815301076,1909f56bfc062723c751e8b465ee728b)  -> (artifact id: 'a5659a8e0560afa1b2e0b16dbea586fe') in 0.045009 seconds
  Import took 0.051404 seconds .

========================================================================
Received Import Request.
  Time since last request: 0.000234 seconds.
  path: Assets/Stuffs/Sound/SFX/crash2.wav
  artifactKey: Guid(913d6445ee8cc4152a9c18da590ee203) Importer(815301076,1909f56bfc062723c751e8b465ee728b)
Start importing Assets/Stuffs/Sound/SFX/crash2.wav using Guid(913d6445ee8cc4152a9c18da590ee203) Importer(815301076,1909f56bfc062723c751e8b465ee728b)  -> (artifact id: '1c107625db276f4ebc997fa3d1997fec') in 0.033289 seconds
  Import took 0.040125 seconds .

========================================================================
Received Import Request.
  Time since last request: 0.000270 seconds.
  path: Assets/Stuffs/Sound/SFX/jump1.wav
  artifactKey: Guid(08ab7053d586c458db3774d33c141a4b) Importer(815301076,1909f56bfc062723c751e8b465ee728b)
Start importing Assets/Stuffs/Sound/SFX/jump1.wav using Guid(08ab7053d586c458db3774d33c141a4b) Importer(815301076,1909f56bfc062723c751e8b465ee728b)  -> (artifact id: '6c6882a98695f3625682b596b9036b37') in 0.034951 seconds
  Import took 0.040756 seconds .

========================================================================
Received Import Request.
  Time since last request: 0.000252 seconds.
  path: Assets/Stuffs/Sound/SFX/crash2.wav
  artifactKey: Guid(913d6445ee8cc4152a9c18da590ee203) Importer(815301076,1909f56bfc062723c751e8b465ee728b)
Start importing Assets/Stuffs/Sound/SFX/crash2.wav using Guid(913d6445ee8cc4152a9c18da590ee203) Importer(815301076,1909f56bfc062723c751e8b465ee728b)  -> (artifact id: '1c107625db276f4ebc997fa3d1997fec') in 0.015056 seconds
  Import took 0.022644 seconds .

========================================================================
Received Import Request.
  Time since last request: 0.000246 seconds.
  path: Assets/Stuffs/Sound/SFX/jump3.wav
  artifactKey: Guid(113ee460fadc340e4957a7404a9fbb27) Importer(815301076,1909f56bfc062723c751e8b465ee728b)
Start importing Assets/Stuffs/Sound/SFX/jump3.wav using Guid(113ee460fadc340e4957a7404a9fbb27) Importer(815301076,1909f56bfc062723c751e8b465ee728b)  -> (artifact id: 'f5925a04785971aa441dfcc989619c43') in 0.031904 seconds
  Import took 0.039102 seconds .

========================================================================
Received Import Request.
  Time since last request: 0.000258 seconds.
  path: Assets/Stuffs/Sound/SFX/jump2.wav
  artifactKey: Guid(0f7d0b7c3397f4dac91f20e8a77d2d57) Importer(815301076,1909f56bfc062723c751e8b465ee728b)
Start importing Assets/Stuffs/Sound/SFX/jump2.wav using Guid(0f7d0b7c3397f4dac91f20e8a77d2d57) Importer(815301076,1909f56bfc062723c751e8b465ee728b)  -> (artifact id: 'feab9402676df263197ec15572d75e21') in 0.031835 seconds
  Import took 0.039363 seconds .

========================================================================
Received Import Request.
  Time since last request: 0.000220 seconds.
  path: Assets/Stuffs/Sound/SFX/crash3.wav
  artifactKey: Guid(e7ee25a47d63b46cdaf65480d62b405c) Importer(815301076,1909f56bfc062723c751e8b465ee728b)
Start importing Assets/Stuffs/Sound/SFX/crash3.wav using Guid(e7ee25a47d63b46cdaf65480d62b405c) Importer(815301076,1909f56bfc062723c751e8b465ee728b)  -> (artifact id: '3ccd6cfbc9b36964894b12a57c0f1854') in 0.032830 seconds
  Import took 0.038779 seconds .

========================================================================
Received Prepare
Registering precompiled user dll's ...
Registered in 0.006018 seconds.
Begin MonoManager ReloadAssembly
Native extension for WindowsStandalone target not found
Native extension for WebGL target not found
Refreshing native plugins compatible for Editor in 0.69 ms, found 1 plugins.
Preloading 0 native plugins for Editor in 0.00 ms.
Mono: successfully reloaded assembly
- Completed reload, in  1.574 seconds
Platform modules already initialized, skipping
Refreshing native plugins compatible for Editor in 0.69 ms, found 1 plugins.
Preloading 0 native plugins for Editor in 0.00 ms.
Unloading 2747 Unused Serialized files (Serialized files now loaded: 0)
System memory in use before: 120.7 MB.
System memory in use after: 120.9 MB.

Unloading 11 unused Assets to reduce memory usage. Loaded Objects now: 3238.
Total: 3.069400 ms (FindLiveObjects: 0.408600 ms CreateObjectMapping: 0.292600 ms MarkObjects: 2.258900 ms  DeleteObjects: 0.107700 ms)

========================================================================
Received Prepare
Registering precompiled user dll's ...
Registered in 0.005207 seconds.
Begin MonoManager ReloadAssembly
Native extension for WindowsStandalone target not found
Native extension for WebGL target not found
Refreshing native plugins compatible for Editor in 0.66 ms, found 1 plugins.
Preloading 0 native plugins for Editor in 0.00 ms.
Mono: successfully reloaded assembly
- Completed reload, in  1.184 seconds
Platform modules already initialized, skipping
Refreshing native plugins compatible for Editor in 0.74 ms, found 1 plugins.
Preloading 0 native plugins for Editor in 0.00 ms.
Unloading 2747 Unused Serialized files (Serialized files now loaded: 0)
System memory in use before: 120.8 MB.
System memory in use after: 121.0 MB.

Unloading 11 unused Assets to reduce memory usage. Loaded Objects now: 3241.
Total: 2.767300 ms (FindLiveObjects: 0.332200 ms CreateObjectMapping: 0.198300 ms MarkObjects: 2.129500 ms  DeleteObjects: 0.098900 ms)

========================================================================
Received Import Request.
  Time since last request: 439.332974 seconds.
  path: Assets/Fx Explosion Pack/Prefebs/Exploson1.prefab
  artifactKey: Guid(e076683e0305e35498b8e8834978c0fa) Importer(815301076,1909f56bfc062723c751e8b465ee728b)
Start importing Assets/Fx Explosion Pack/Prefebs/Exploson1.prefab using Guid(e076683e0305e35498b8e8834978c0fa) Importer(815301076,1909f56bfc062723c751e8b465ee728b)  -> (artifact id: 'f140f0d10a765ccb9ad5d958906b4dec') in 0.048383 seconds
  Import took 0.055689 seconds .

========================================================================
Received Import Request.
  Time since last request: 0.000294 seconds.
  path: Assets/Fx Explosion Pack/Prefebs/Exploson3.prefab
  artifactKey: Guid(337943813ac55274db17d9c4dfcaf5ea) Importer(815301076,1909f56bfc062723c751e8b465ee728b)
Start importing Assets/Fx Explosion Pack/Prefebs/Exploson3.prefab using Guid(337943813ac55274db17d9c4dfcaf5ea) Importer(815301076,1909f56bfc062723c751e8b465ee728b)  -> (artifact id: '88498bd3f9b10ee5c1efe4c7d7a5b036') in 0.014433 seconds
  Import took 0.021649 seconds .

========================================================================
Received Import Request.
  Time since last request: 0.000343 seconds.
  path: Assets/Fx Explosion Pack/Prefebs/Exploson7.prefab
  artifactKey: Guid(bd5a7ae3e8bd4c8499f69e8e45138021) Importer(815301076,1909f56bfc062723c751e8b465ee728b)
Start importing Assets/Fx Explosion Pack/Prefebs/Exploson7.prefab using Guid(bd5a7ae3e8bd4c8499f69e8e45138021) Importer(815301076,1909f56bfc062723c751e8b465ee728b)  -> (artifact id: '625c9bd6e7f8605aa60df3492e65bab4') in 0.015135 seconds
  Import took 0.022217 seconds .

========================================================================
Received Import Request.
  Time since last request: 0.000323 seconds.
  path: Assets/Fx Explosion Pack/Prefebs/Exploson9.prefab
  artifactKey: Guid(f3a153ef01a92d04dbdf22d8f0dcaa56) Importer(815301076,1909f56bfc062723c751e8b465ee728b)
Start importing Assets/Fx Explosion Pack/Prefebs/Exploson9.prefab using Guid(f3a153ef01a92d04dbdf22d8f0dcaa56) Importer(815301076,1909f56bfc062723c751e8b465ee728b)  -> (artifact id: 'd9917725c6acbf0c42f49602651190c4') in 0.016324 seconds
  Import took 0.024058 seconds .

========================================================================
Received Import Request.
  Time since last request: 0.000277 seconds.
  path: Assets/Fx Explosion Pack/Prefebs/Exploson10.prefab
  artifactKey: Guid(1f1aa87040db08846a4332981b0a6fa7) Importer(815301076,1909f56bfc062723c751e8b465ee728b)
Start importing Assets/Fx Explosion Pack/Prefebs/Exploson10.prefab using Guid(1f1aa87040db08846a4332981b0a6fa7) Importer(815301076,1909f56bfc062723c751e8b465ee728b)  -> (artifact id: '768379a24f14944661789b51b587d545') in 0.015318 seconds
  Import took 0.022386 seconds .

========================================================================
Received Import Request.
  Time since last request: 0.000285 seconds.
  path: Assets/Fx Explosion Pack/Prefebs/Exploson4.prefab
  artifactKey: Guid(85271e0b3a086764694959254f952dcd) Importer(815301076,1909f56bfc062723c751e8b465ee728b)
Start importing Assets/Fx Explosion Pack/Prefebs/Exploson4.prefab using Guid(85271e0b3a086764694959254f952dcd) Importer(815301076,1909f56bfc062723c751e8b465ee728b)  -> (artifact id: 'db6888158735e5472d071a570596579c') in 0.024862 seconds
  Import took 0.059435 seconds .

========================================================================
Received Import Request.
  Time since last request: 0.001405 seconds.
  path: Assets/Fx Explosion Pack/Prefebs/Exploson6.prefab
  artifactKey: Guid(6e8c7c425e5bc374daf95a774767b1e3) Importer(815301076,1909f56bfc062723c751e8b465ee728b)
Start importing Assets/Fx Explosion Pack/Prefebs/Exploson6.prefab using Guid(6e8c7c425e5bc374daf95a774767b1e3) Importer(815301076,1909f56bfc062723c751e8b465ee728b)  -> (artifact id: '8d77cf519fc20eaa553939102473b3e7') in 0.016001 seconds
  Import took 0.024345 seconds .

========================================================================
Received Import Request.
  Time since last request: 0.000243 seconds.
  path: Assets/Fx Explosion Pack/Prefebs/Exploson2.prefab
  artifactKey: Guid(875c9bcb71a8d7f46a64a8a7df5987e0) Importer(815301076,1909f56bfc062723c751e8b465ee728b)
Start importing Assets/Fx Explosion Pack/Prefebs/Exploson2.prefab using Guid(875c9bcb71a8d7f46a64a8a7df5987e0) Importer(815301076,1909f56bfc062723c751e8b465ee728b)  -> (artifact id: 'bb384e9d8e3378ad8753c0675bdae683') in 0.015849 seconds
  Import took 0.021900 seconds .

========================================================================
Received Import Request.
  Time since last request: 0.000238 seconds.
  path: Assets/Fx Explosion Pack/Prefebs/Exploson8.prefab
  artifactKey: Guid(82019e923dca94848916b96b8f98a352) Importer(815301076,1909f56bfc062723c751e8b465ee728b)
Start importing Assets/Fx Explosion Pack/Prefebs/Exploson8.prefab using Guid(82019e923dca94848916b96b8f98a352) Importer(815301076,1909f56bfc062723c751e8b465ee728b)  -> (artifact id: '46972f30a077d44d170b4afde02514c0') in 0.015625 seconds
  Import took 0.023120 seconds .

========================================================================
Received Import Request.
  Time since last request: 0.000260 seconds.
  path: Assets/Fx Explosion Pack/Prefebs/Exploson5.prefab
  artifactKey: Guid(5f5e08f64c8423c46ae4bd7e46588425) Importer(815301076,1909f56bfc062723c751e8b465ee728b)
Start importing Assets/Fx Explosion Pack/Prefebs/Exploson5.prefab using Guid(5f5e08f64c8423c46ae4bd7e46588425) Importer(815301076,1909f56bfc062723c751e8b465ee728b)  -> (artifact id: '907c16b4e7b488c8376383a076b1cca3') in 0.014802 seconds
  Import took 0.021528 seconds .

========================================================================
Received Import Request.
  Time since last request: 16.751050 seconds.
  path: Assets/Fx Explosion Pack/SampleScene.unity
  artifactKey: Guid(6e12207aed101ac4db9d0a0103f76f31) Importer(815301076,1909f56bfc062723c751e8b465ee728b)
Start importing Assets/Fx Explosion Pack/SampleScene.unity using Guid(6e12207aed101ac4db9d0a0103f76f31) Importer(815301076,1909f56bfc062723c751e8b465ee728b)  -> (artifact id: 'b352e334b60fae5a3b7fbe11d1dc233c') in 0.013092 seconds
  Import took 0.021065 seconds .

========================================================================
Received Import Request.
  Time since last request: 0.000740 seconds.
  path: Assets/Fx Explosion Pack/SampleScene.unity
  artifactKey: Guid(6e12207aed101ac4db9d0a0103f76f31) Importer(815301076,1909f56bfc062723c751e8b465ee728b)
Start importing Assets/Fx Explosion Pack/SampleScene.unity using Guid(6e12207aed101ac4db9d0a0103f76f31) Importer(815301076,1909f56bfc062723c751e8b465ee728b)  -> (artifact id: 'b352e334b60fae5a3b7fbe11d1dc233c') in 0.005495 seconds
  Import took 0.012296 seconds .

========================================================================
Received Import Request.
  Time since last request: 9.309018 seconds.
  path: Assets/Fx Explosion Pack/Texture&Material
  artifactKey: Guid(2db3981bb4949c54296ac03c166e2703) Importer(815301076,1909f56bfc062723c751e8b465ee728b)
Start importing Assets/Fx Explosion Pack/Texture&Material using Guid(2db3981bb4949c54296ac03c166e2703) Importer(815301076,1909f56bfc062723c751e8b465ee728b)  -> (artifact id: 'b1eef3c865bc76c3a5ef33b158c99e55') in 0.012912 seconds
  Import took 0.021492 seconds .

========================================================================
Received Import Request.
  Time since last request: 0.000734 seconds.
  path: Assets/Fx Explosion Pack/Texture&Material
  artifactKey: Guid(2db3981bb4949c54296ac03c166e2703) Importer(815301076,1909f56bfc062723c751e8b465ee728b)
Start importing Assets/Fx Explosion Pack/Texture&Material using Guid(2db3981bb4949c54296ac03c166e2703) Importer(815301076,1909f56bfc062723c751e8b465ee728b)  -> (artifact id: 'b1eef3c865bc76c3a5ef33b158c99e55') in 0.004236 seconds
  Import took 0.011455 seconds .

========================================================================
Received Import Request.
  Time since last request: 1.079352 seconds.
  path: Assets/Fx Explosion Pack/Texture&Material/Other
  artifactKey: Guid(635255bf80294a5438bc506267167828) Importer(815301076,1909f56bfc062723c751e8b465ee728b)
Start importing Assets/Fx Explosion Pack/Texture&Material/Other using Guid(635255bf80294a5438bc506267167828) Importer(815301076,1909f56bfc062723c751e8b465ee728b)  -> (artifact id: 'c8307361f1107fcbef65591ab6bb50c5') in 0.010905 seconds
  Import took 0.019536 seconds .

========================================================================
Received Import Request.
  Time since last request: 0.000603 seconds.
  path: Assets/Fx Explosion Pack/Texture&Material/Other
  artifactKey: Guid(635255bf80294a5438bc506267167828) Importer(815301076,1909f56bfc062723c751e8b465ee728b)
Start importing Assets/Fx Explosion Pack/Texture&Material/Other using Guid(635255bf80294a5438bc506267167828) Importer(815301076,1909f56bfc062723c751e8b465ee728b)  -> (artifact id: 'c8307361f1107fcbef65591ab6bb50c5') in 0.005095 seconds
  Import took 0.012225 seconds .

========================================================================
Received Import Request.
  Time since last request: 0.135004 seconds.
  path: Assets/Fx Explosion Pack/Texture&Material/Other/Decal.mat
  artifactKey: Guid(4651a18f3eac4384caeb604616cc06e6) Importer(815301076,1909f56bfc062723c751e8b465ee728b)
Start importing Assets/Fx Explosion Pack/Texture&Material/Other/Decal.mat using Guid(4651a18f3eac4384caeb604616cc06e6) Importer(815301076,1909f56bfc062723c751e8b465ee728b)  -> (artifact id: '9d3caaa6e8d2863fe8cacc1451c41b5c') in 0.213187 seconds
  Import took 0.228622 seconds .

========================================================================
Received Import Request.
  Time since last request: 0.000400 seconds.
  path: Assets/Fx Explosion Pack/Texture&Material/Other/Ring.mat
  artifactKey: Guid(30cb4998e2933b84db9253ec77be35d1) Importer(815301076,1909f56bfc062723c751e8b465ee728b)
Start importing Assets/Fx Explosion Pack/Texture&Material/Other/Ring.mat using Guid(30cb4998e2933b84db9253ec77be35d1) Importer(815301076,1909f56bfc062723c751e8b465ee728b)  -> (artifact id: 'ef33c74a9b5054838dc91f73b842cdac') in 0.061108 seconds
  Import took 0.067202 seconds .

========================================================================
Received Import Request.
  Time since last request: 0.000285 seconds.
  path: Assets/Fx Explosion Pack/Texture&Material/Other/Sphere.mat
  artifactKey: Guid(de301047257744248b2202b7f3397f31) Importer(815301076,1909f56bfc062723c751e8b465ee728b)
Start importing Assets/Fx Explosion Pack/Texture&Material/Other/Sphere.mat using Guid(de301047257744248b2202b7f3397f31) Importer(815301076,1909f56bfc062723c751e8b465ee728b)  -> (artifact id: 'a9d30be3d7736ac03ccf0243cb1f2fc6') in 0.023182 seconds
  Import took 0.029551 seconds .

========================================================================
Received Import Request.
  Time since last request: 0.000257 seconds.
  path: Assets/Fx Explosion Pack/Texture&Material/Other/Decal.png
  artifactKey: Guid(24ff2d53a0e0cdc48896260abb418801) Importer(815301076,1909f56bfc062723c751e8b465ee728b)
Start importing Assets/Fx Explosion Pack/Texture&Material/Other/Decal.png using Guid(24ff2d53a0e0cdc48896260abb418801) Importer(815301076,1909f56bfc062723c751e8b465ee728b)  -> (artifact id: '548d1b5b0ad08cdd8ef62d643e3cd381') in 0.031207 seconds
  Import took 0.038208 seconds .

========================================================================
Received Import Request.
  Time since last request: 0.000241 seconds.
  path: Assets/Fx Explosion Pack/Texture&Material/Other/Decal2.mat
  artifactKey: Guid(40133fbe2e079064fb7d59c21eb1e3a7) Importer(815301076,1909f56bfc062723c751e8b465ee728b)
Start importing Assets/Fx Explosion Pack/Texture&Material/Other/Decal2.mat using Guid(40133fbe2e079064fb7d59c21eb1e3a7) Importer(815301076,1909f56bfc062723c751e8b465ee728b)  -> (artifact id: 'b889d03f24060626d07c91c6735ee551') in 0.023180 seconds
  Import took 0.029355 seconds .

========================================================================
Received Import Request.
  Time since last request: 0.000247 seconds.
  path: Assets/Fx Explosion Pack/Texture&Material/Other/Ring.png
  artifactKey: Guid(50e74b430033b274484bc0db1b9b3968) Importer(815301076,1909f56bfc062723c751e8b465ee728b)
Start importing Assets/Fx Explosion Pack/Texture&Material/Other/Ring.png using Guid(50e74b430033b274484bc0db1b9b3968) Importer(815301076,1909f56bfc062723c751e8b465ee728b)  -> (artifact id: '3f7960554577702eeb4e0b5c42d50915') in 0.016988 seconds
  Import took 0.026189 seconds .

========================================================================
Received Import Request.
  Time since last request: 0.000313 seconds.
  path: Assets/Fx Explosion Pack/Texture&Material/Other/Sphere2.png
  artifactKey: Guid(8387de0f33d90bd46b6bdc5d725723cf) Importer(815301076,1909f56bfc062723c751e8b465ee728b)
Start importing Assets/Fx Explosion Pack/Texture&Material/Other/Sphere2.png using Guid(8387de0f33d90bd46b6bdc5d725723cf) Importer(815301076,1909f56bfc062723c751e8b465ee728b)  -> (artifact id: '50cf2121a3a78b41a110d605650eae7a') in 0.026732 seconds
  Import took 0.035306 seconds .

========================================================================
Received Import Request.
  Time since last request: 0.000279 seconds.
  path: Assets/Fx Explosion Pack/Texture&Material/Other/Decal2.png
  artifactKey: Guid(dffe2c1a534bf804587dcf4e6b6ec02a) Importer(815301076,1909f56bfc062723c751e8b465ee728b)
Start importing Assets/Fx Explosion Pack/Texture&Material/Other/Decal2.png using Guid(dffe2c1a534bf804587dcf4e6b6ec02a) Importer(815301076,1909f56bfc062723c751e8b465ee728b)  -> (artifact id: 'd8ea273b3b6564e637c38e8545ac52df') in 0.020520 seconds
  Import took 0.029296 seconds .

========================================================================
Received Import Request.
  Time since last request: 0.000302 seconds.
  path: Assets/Fx Explosion Pack/Texture&Material/Other/Sphere.png
  artifactKey: Guid(98391856134dd804dafcbfaf9c4f758f) Importer(815301076,1909f56bfc062723c751e8b465ee728b)
Start importing Assets/Fx Explosion Pack/Texture&Material/Other/Sphere.png using Guid(98391856134dd804dafcbfaf9c4f758f) Importer(815301076,1909f56bfc062723c751e8b465ee728b)  -> (artifact id: '78daf69ca3c3d34b8081e0c2c00a4cdc') in 0.021164 seconds
  Import took 0.028526 seconds .

========================================================================
Received Import Request.
  Time since last request: 2.008024 seconds.
  path: Assets/Fx Explosion Pack/Texture&Material/Explosion
  artifactKey: Guid(6fe9dcf6879da834c88230f5915c0709) Importer(815301076,1909f56bfc062723c751e8b465ee728b)
Start importing Assets/Fx Explosion Pack/Texture&Material/Explosion using Guid(6fe9dcf6879da834c88230f5915c0709) Importer(815301076,1909f56bfc062723c751e8b465ee728b)  -> (artifact id: '43f4897939b1ce889a9508b59a13e2e3') in 0.010732 seconds
  Import took 0.018235 seconds .

========================================================================
Received Import Request.
  Time since last request: 0.106555 seconds.
  path: Assets/Fx Explosion Pack/Texture&Material/Explosion/Explosion1.mat
  artifactKey: Guid(0a1563c8265965a4ba2f9a5cd69490bc) Importer(815301076,1909f56bfc062723c751e8b465ee728b)
Start importing Assets/Fx Explosion Pack/Texture&Material/Explosion/Explosion1.mat using Guid(0a1563c8265965a4ba2f9a5cd69490bc) Importer(815301076,1909f56bfc062723c751e8b465ee728b)  -> (artifact id: '60d4bdfb62f84997a731d2219060785c') in 0.021882 seconds
  Import took 0.028579 seconds .

========================================================================
Received Import Request.
  Time since last request: 0.000303 seconds.
  path: Assets/Fx Explosion Pack/Texture&Material/Explosion/Explosion9.png
  artifactKey: Guid(abb99b1da9b342e43acc6408eda3538d) Importer(815301076,1909f56bfc062723c751e8b465ee728b)
Start importing Assets/Fx Explosion Pack/Texture&Material/Explosion/Explosion9.png using Guid(abb99b1da9b342e43acc6408eda3538d) Importer(815301076,1909f56bfc062723c751e8b465ee728b)  -> (artifact id: '78583187157a64b65e1be2aaad195e0b') in 0.016830 seconds
  Import took 0.022561 seconds .

========================================================================
Received Import Request.
  Time since last request: 0.000254 seconds.
  path: Assets/Fx Explosion Pack/Texture&Material/Explosion/Explosion8.mat
  artifactKey: Guid(3c26527e84312c447be77f2910dfffa3) Importer(815301076,1909f56bfc062723c751e8b465ee728b)
Start importing Assets/Fx Explosion Pack/Texture&Material/Explosion/Explosion8.mat using Guid(3c26527e84312c447be77f2910dfffa3) Importer(815301076,1909f56bfc062723c751e8b465ee728b)  -> (artifact id: '45e55285f385ea6cf3d5e75d01c6720b') in 0.017478 seconds
  Import took 0.023328 seconds .

========================================================================
Received Import Request.
  Time since last request: 0.000254 seconds.
  path: Assets/Fx Explosion Pack/Texture&Material/Explosion/Explosion8.png
  artifactKey: Guid(9a7b2968dfefb884e8c22f6baee9ae5c) Importer(815301076,1909f56bfc062723c751e8b465ee728b)
Start importing Assets/Fx Explosion Pack/Texture&Material/Explosion/Explosion8.png using Guid(9a7b2968dfefb884e8c22f6baee9ae5c) Importer(815301076,1909f56bfc062723c751e8b465ee728b)  -> (artifact id: '5bfe2b4d34d4a9944e2d91e2a28e9307') in 0.013763 seconds
  Import took 0.019512 seconds .

========================================================================
Received Import Request.
  Time since last request: 0.000301 seconds.
  path: Assets/Fx Explosion Pack/Texture&Material/Explosion/Explosion3.png
  artifactKey: Guid(88e4cf03d29d5f8449476c8fe44d9f1e) Importer(815301076,1909f56bfc062723c751e8b465ee728b)
Start importing Assets/Fx Explosion Pack/Texture&Material/Explosion/Explosion3.png using Guid(88e4cf03d29d5f8449476c8fe44d9f1e) Importer(815301076,1909f56bfc062723c751e8b465ee728b)  -> (artifact id: '6ec9aa0385f24259c2a66d35b0ba2078') in 0.018515 seconds
  Import took 0.024698 seconds .

========================================================================
Received Import Request.
  Time since last request: 0.000448 seconds.
  path: Assets/Fx Explosion Pack/Texture&Material/Explosion/Explosion1.png
  artifactKey: Guid(c5d88d60de4b2d943829e3ee45e4cf48) Importer(815301076,1909f56bfc062723c751e8b465ee728b)
Start importing Assets/Fx Explosion Pack/Texture&Material/Explosion/Explosion1.png using Guid(c5d88d60de4b2d943829e3ee45e4cf48) Importer(815301076,1909f56bfc062723c751e8b465ee728b)  -> (artifact id: '4253b1836ca03e0b93d8061f8edce29f') in 0.020580 seconds
  Import took 0.027581 seconds .

========================================================================
Received Import Request.
  Time since last request: 0.000288 seconds.
  path: Assets/Fx Explosion Pack/Texture&Material/Explosion/Explosion2.png
  artifactKey: Guid(94dc2a95d6cb5ba498382787674deb30) Importer(815301076,1909f56bfc062723c751e8b465ee728b)
Start importing Assets/Fx Explosion Pack/Texture&Material/Explosion/Explosion2.png using Guid(94dc2a95d6cb5ba498382787674deb30) Importer(815301076,1909f56bfc062723c751e8b465ee728b)  -> (artifact id: '5e147d5c67f1462191dad3bb18ec40bf') in 0.026075 seconds
  Import took 0.032812 seconds .

========================================================================
Received Import Request.
  Time since last request: 0.000252 seconds.
  path: Assets/Fx Explosion Pack/Texture&Material/Explosion/Explosion3.mat
  artifactKey: Guid(86eda3a072f1a4446834b04da822c179) Importer(815301076,1909f56bfc062723c751e8b465ee728b)
Start importing Assets/Fx Explosion Pack/Texture&Material/Explosion/Explosion3.mat using Guid(86eda3a072f1a4446834b04da822c179) Importer(815301076,1909f56bfc062723c751e8b465ee728b)  -> (artifact id: 'adca3e99b70543f82e0fe4218a7cbbd8') in 0.021715 seconds
  Import took 0.027716 seconds .

========================================================================
Received Import Request.
  Time since last request: 0.000315 seconds.
  path: Assets/Fx Explosion Pack/Texture&Material/Explosion/Explosion7.png
  artifactKey: Guid(ace45ca3e9bb5fc43b99956f2ccf836e) Importer(815301076,1909f56bfc062723c751e8b465ee728b)
Start importing Assets/Fx Explosion Pack/Texture&Material/Explosion/Explosion7.png using Guid(ace45ca3e9bb5fc43b99956f2ccf836e) Importer(815301076,1909f56bfc062723c751e8b465ee728b)  -> (artifact id: 'c562f0f33977d0307de460e006ef953f') in 0.035504 seconds
  Import took 0.042821 seconds .

========================================================================
Received Import Request.
  Time since last request: 0.000246 seconds.
  path: Assets/Fx Explosion Pack/Texture&Material/Explosion/Explosion7.mat
  artifactKey: Guid(b13b0594548d2534abafe02b2e9afda9) Importer(815301076,1909f56bfc062723c751e8b465ee728b)
Start importing Assets/Fx Explosion Pack/Texture&Material/Explosion/Explosion7.mat using Guid(b13b0594548d2534abafe02b2e9afda9) Importer(815301076,1909f56bfc062723c751e8b465ee728b)  -> (artifact id: '12df8195dc4eee3fe013cec93d78d438') in 0.018741 seconds
  Import took 0.025116 seconds .

========================================================================
Received Import Request.
  Time since last request: 0.000279 seconds.
  path: Assets/Fx Explosion Pack/Texture&Material/Explosion/Explosion2.mat
  artifactKey: Guid(44a256a119d44d84bb4aaaf8fbf03433) Importer(815301076,1909f56bfc062723c751e8b465ee728b)
Start importing Assets/Fx Explosion Pack/Texture&Material/Explosion/Explosion2.mat using Guid(44a256a119d44d84bb4aaaf8fbf03433) Importer(815301076,1909f56bfc062723c751e8b465ee728b)  -> (artifact id: 'e0ce2cf7e2d6d8cbaa2accee7f04bbcc') in 0.020520 seconds
  Import took 0.027339 seconds .

========================================================================
Received Import Request.
  Time since last request: 0.000302 seconds.
  path: Assets/Fx Explosion Pack/Texture&Material/Explosion/Explosion10.mat
  artifactKey: Guid(3744334a7b5bda748b832a75d688a14f) Importer(815301076,1909f56bfc062723c751e8b465ee728b)
Start importing Assets/Fx Explosion Pack/Texture&Material/Explosion/Explosion10.mat using Guid(3744334a7b5bda748b832a75d688a14f) Importer(815301076,1909f56bfc062723c751e8b465ee728b)  -> (artifact id: 'bee716963816d730a36af18c169875a1') in 0.023269 seconds
  Import took 0.029545 seconds .

========================================================================
Received Import Request.
  Time since last request: 0.000262 seconds.
  path: Assets/Fx Explosion Pack/Texture&Material/Explosion/Explosion6.mat
  artifactKey: Guid(ddbf711fd0762ce4499dbbc8cdbefa30) Importer(815301076,1909f56bfc062723c751e8b465ee728b)
Start importing Assets/Fx Explosion Pack/Texture&Material/Explosion/Explosion6.mat using Guid(ddbf711fd0762ce4499dbbc8cdbefa30) Importer(815301076,1909f56bfc062723c751e8b465ee728b)  -> (artifact id: 'f5a471e0b18c7c43b5a2b9925902d8b3') in 0.025496 seconds
  Import took 0.032825 seconds .

========================================================================
Received Import Request.
  Time since last request: 0.000250 seconds.
  path: Assets/Fx Explosion Pack/Texture&Material/Explosion/Explosion10.png
  artifactKey: Guid(3a3085dd7fcc733488232fc48b73f8fb) Importer(815301076,1909f56bfc062723c751e8b465ee728b)
Start importing Assets/Fx Explosion Pack/Texture&Material/Explosion/Explosion10.png using Guid(3a3085dd7fcc733488232fc48b73f8fb) Importer(815301076,1909f56bfc062723c751e8b465ee728b)  -> (artifact id: '71826650cee95ae6b6b1fc483dee0e8e') in 0.020146 seconds
  Import took 0.026023 seconds .

========================================================================
Received Import Request.
  Time since last request: 0.000214 seconds.
  path: Assets/Fx Explosion Pack/Texture&Material/Explosion/Explosion4.png
  artifactKey: Guid(611060e8b04ab5d419f75e382ae7657e) Importer(815301076,1909f56bfc062723c751e8b465ee728b)
Start importing Assets/Fx Explosion Pack/Texture&Material/Explosion/Explosion4.png using Guid(611060e8b04ab5d419f75e382ae7657e) Importer(815301076,1909f56bfc062723c751e8b465ee728b)  -> (artifact id: '9579ebdfd560d41ac3545477b924d703') in 0.017479 seconds
  Import took 0.024647 seconds .

========================================================================
Received Import Request.
  Time since last request: 0.000246 seconds.
  path: Assets/Fx Explosion Pack/Texture&Material/Explosion/Explosion5.mat
  artifactKey: Guid(095a9a9bdbe55fe48924c6da7076dc7f) Importer(815301076,1909f56bfc062723c751e8b465ee728b)
Start importing Assets/Fx Explosion Pack/Texture&Material/Explosion/Explosion5.mat using Guid(095a9a9bdbe55fe48924c6da7076dc7f) Importer(815301076,1909f56bfc062723c751e8b465ee728b)  -> (artifact id: '891d7330b4b3f2415739c0d0d1046d55') in 0.023433 seconds
  Import took 0.030885 seconds .

========================================================================
Received Import Request.
  Time since last request: 0.000276 seconds.
  path: Assets/Fx Explosion Pack/Texture&Material/Explosion/Explosion9.mat
  artifactKey: Guid(034c0200ac78e9442b8b3ada23cec204) Importer(815301076,1909f56bfc062723c751e8b465ee728b)
Start importing Assets/Fx Explosion Pack/Texture&Material/Explosion/Explosion9.mat using Guid(034c0200ac78e9442b8b3ada23cec204) Importer(815301076,1909f56bfc062723c751e8b465ee728b)  -> (artifact id: '6780f9c60d902ba46ef1fb74fa0fdfdc') in 0.021063 seconds
  Import took 0.029137 seconds .

========================================================================
Received Import Request.
  Time since last request: 0.000221 seconds.
  path: Assets/Fx Explosion Pack/Texture&Material/Explosion/Explosion6.png
  artifactKey: Guid(23d44c2a744665249aa1fedda3b9df37) Importer(815301076,1909f56bfc062723c751e8b465ee728b)
Start importing Assets/Fx Explosion Pack/Texture&Material/Explosion/Explosion6.png using Guid(23d44c2a744665249aa1fedda3b9df37) Importer(815301076,1909f56bfc062723c751e8b465ee728b)  -> (artifact id: '4739f01b1bc4f8e04b9332a145aeff46') in 0.025132 seconds
  Import took 0.032421 seconds .

========================================================================
Received Import Request.
  Time since last request: 0.000232 seconds.
  path: Assets/Fx Explosion Pack/Texture&Material/Explosion/Explosion4.mat
  artifactKey: Guid(10c03057446632e47841790eaaf2e302) Importer(815301076,1909f56bfc062723c751e8b465ee728b)
Start importing Assets/Fx Explosion Pack/Texture&Material/Explosion/Explosion4.mat using Guid(10c03057446632e47841790eaaf2e302) Importer(815301076,1909f56bfc062723c751e8b465ee728b)  -> (artifact id: '21266c6abf04a657bc8372a5d1e9da90') in 0.026820 seconds
  Import took 0.033262 seconds .

========================================================================
Received Import Request.
  Time since last request: 0.000275 seconds.
  path: Assets/Fx Explosion Pack/Texture&Material/Explosion/Explosion5.png
  artifactKey: Guid(8bb6073ea3cae5741855c3480428af60) Importer(815301076,1909f56bfc062723c751e8b465ee728b)
Start importing Assets/Fx Explosion Pack/Texture&Material/Explosion/Explosion5.png using Guid(8bb6073ea3cae5741855c3480428af60) Importer(815301076,1909f56bfc062723c751e8b465ee728b)  -> (artifact id: '80c5104b4690381f3ee6b793d9634e25') in 0.028143 seconds
  Import took 0.034920 seconds .

========================================================================
Received Import Request.
  Time since last request: 0.000221 seconds.
  path: Assets/Fx Explosion Pack/Texture&Material/Explosion/Explosion4.mat
  artifactKey: Guid(10c03057446632e47841790eaaf2e302) Importer(815301076,1909f56bfc062723c751e8b465ee728b)
Start importing Assets/Fx Explosion Pack/Texture&Material/Explosion/Explosion4.mat using Guid(10c03057446632e47841790eaaf2e302) Importer(815301076,1909f56bfc062723c751e8b465ee728b)  -> (artifact id: '21266c6abf04a657bc8372a5d1e9da90') in 0.018235 seconds
  Import took 0.025893 seconds .

========================================================================
Received Import Request.
  Time since last request: 2.616037 seconds.
  path: Assets/Fx Explosion Pack/Prefebs
  artifactKey: Guid(1d05eca80522ba04bb7738e7fcddb6c6) Importer(815301076,1909f56bfc062723c751e8b465ee728b)
Start importing Assets/Fx Explosion Pack/Prefebs using Guid(1d05eca80522ba04bb7738e7fcddb6c6) Importer(815301076,1909f56bfc062723c751e8b465ee728b)  -> (artifact id: '817d78f86c3b13ea32d211779fa50d2a') in 0.013049 seconds
  Import took 0.021658 seconds .

========================================================================
Received Import Request.
  Time since last request: 21.048032 seconds.
  path: Assets/Fx Explosion Pack/Script/csDemoScenceControl.cs
  artifactKey: Guid(6b9aab0cc56045a4db99f5acea3bf46a) Importer(815301076,1909f56bfc062723c751e8b465ee728b)
Start importing Assets/Fx Explosion Pack/Script/csDemoScenceControl.cs using Guid(6b9aab0cc56045a4db99f5acea3bf46a) Importer(815301076,1909f56bfc062723c751e8b465ee728b)  -> (artifact id: '5fe4e16a119a75bd5f123c285657c79c') in 0.013329 seconds
  Import took 0.020954 seconds .

========================================================================
Received Import Request.
  Time since last request: 0.001669 seconds.
  path: Assets/Fx Explosion Pack/Script/csDemoScenceControl.cs
  artifactKey: Guid(6b9aab0cc56045a4db99f5acea3bf46a) Importer(815301076,1909f56bfc062723c751e8b465ee728b)
Start importing Assets/Fx Explosion Pack/Script/csDemoScenceControl.cs using Guid(6b9aab0cc56045a4db99f5acea3bf46a) Importer(815301076,1909f56bfc062723c751e8b465ee728b)  -> (artifact id: '5fe4e16a119a75bd5f123c285657c79c') in 0.005170 seconds
  Import took 0.014185 seconds .

========================================================================
Received Import Request.
  Time since last request: 1.163027 seconds.
  path: Assets/Fx Explosion Pack/Script/csLightControl.cs
  artifactKey: Guid(741004066245a714390df3757b77251a) Importer(815301076,1909f56bfc062723c751e8b465ee728b)
Start importing Assets/Fx Explosion Pack/Script/csLightControl.cs using Guid(741004066245a714390df3757b77251a) Importer(815301076,1909f56bfc062723c751e8b465ee728b)  -> (artifact id: '1855519715d623a927dab5778ed71975') in 0.012752 seconds
  Import took 0.020446 seconds .

========================================================================
Received Import Request.
  Time since last request: 0.738282 seconds.
  path: Assets/Fx Explosion Pack/Script/csMouseOrbit.cs
  artifactKey: Guid(7b5eaf1f91bd55148903baadfa9db722) Importer(815301076,1909f56bfc062723c751e8b465ee728b)
Start importing Assets/Fx Explosion Pack/Script/csMouseOrbit.cs using Guid(7b5eaf1f91bd55148903baadfa9db722) Importer(815301076,1909f56bfc062723c751e8b465ee728b)  -> (artifact id: '35bf789a67358df1a7439c2c812f4c1d') in 0.011884 seconds
  Import took 0.018311 seconds .

========================================================================
Received Prepare
Registering precompiled user dll's ...
Registered in 0.005082 seconds.
Begin MonoManager ReloadAssembly
Native extension for WindowsStandalone target not found
Native extension for WebGL target not found
Refreshing native plugins compatible for Editor in 0.69 ms, found 1 plugins.
Preloading 0 native plugins for Editor in 0.00 ms.
Mono: successfully reloaded assembly
- Completed reload, in  1.229 seconds
Platform modules already initialized, skipping
Refreshing native plugins compatible for Editor in 0.68 ms, found 1 plugins.
Preloading 0 native plugins for Editor in 0.00 ms.
Unloading 2747 Unused Serialized files (Serialized files now loaded: 0)
System memory in use before: 121.1 MB.
System memory in use after: 121.3 MB.

Unloading 11 unused Assets to reduce memory usage. Loaded Objects now: 3281.
Total: 4.145100 ms (FindLiveObjects: 0.418800 ms CreateObjectMapping: 0.317600 ms MarkObjects: 3.293700 ms  DeleteObjects: 0.113300 ms)

========================================================================
Received Import Request.
  Time since last request: 81.369103 seconds.
  path: Assets/Scenes/CityHunter.unity
  artifactKey: Guid(9fc0d4010bbf28b4594072e72b8655ab) Importer(815301076,1909f56bfc062723c751e8b465ee728b)
Start importing Assets/Scenes/CityHunter.unity using Guid(9fc0d4010bbf28b4594072e72b8655ab) Importer(815301076,1909f56bfc062723c751e8b465ee728b)  -> (artifact id: 'dd33ca012b9af9f3fb0a684f3dd230fb') in 0.023998 seconds
  Import took 0.031922 seconds .

========================================================================
Received Import Request.
  Time since last request: 13.657058 seconds.
  path: Assets/TextMesh Pro/Sprites
  artifactKey: Guid(d0603b6d5186471b96c778c3949c7ce2) Importer(815301076,1909f56bfc062723c751e8b465ee728b)
Start importing Assets/TextMesh Pro/Sprites using Guid(d0603b6d5186471b96c778c3949c7ce2) Importer(815301076,1909f56bfc062723c751e8b465ee728b)  -> (artifact id: '216b9110bd4cf75d0e78e6c4226c7759') in 0.011255 seconds
  Import took 0.018768 seconds .

========================================================================
Received Prepare
Registering precompiled user dll's ...
Registered in 0.005622 seconds.
Begin MonoManager ReloadAssembly
Native extension for WindowsStandalone target not found
Native extension for WebGL target not found
Refreshing native plugins compatible for Editor in 0.79 ms, found 1 plugins.
Preloading 0 native plugins for Editor in 0.00 ms.
Mono: successfully reloaded assembly
- Completed reload, in  1.392 seconds
Platform modules already initialized, skipping
Refreshing native plugins compatible for Editor in 0.69 ms, found 1 plugins.
Preloading 0 native plugins for Editor in 0.00 ms.
Unloading 2747 Unused Serialized files (Serialized files now loaded: 0)
System memory in use before: 121.1 MB.
System memory in use after: 121.3 MB.

Unloading 11 unused Assets to reduce memory usage. Loaded Objects now: 3284.
Total: 3.146700 ms (FindLiveObjects: 0.570300 ms CreateObjectMapping: 0.239100 ms MarkObjects: 2.238900 ms  DeleteObjects: 0.096500 ms)

========================================================================
Received Prepare
Registering precompiled user dll's ...
Registered in 0.004796 seconds.
Begin MonoManager ReloadAssembly
Native extension for WindowsStandalone target not found
Native extension for WebGL target not found
Refreshing native plugins compatible for Editor in 0.71 ms, found 1 plugins.
Preloading 0 native plugins for Editor in 0.00 ms.
Mono: successfully reloaded assembly
- Completed reload, in  1.225 seconds
Platform modules already initialized, skipping
Refreshing native plugins compatible for Editor in 0.79 ms, found 1 plugins.
Preloading 0 native plugins for Editor in 0.00 ms.
Unloading 2747 Unused Serialized files (Serialized files now loaded: 0)
System memory in use before: 121.1 MB.
System memory in use after: 121.3 MB.

Unloading 11 unused Assets to reduce memory usage. Loaded Objects now: 3287.
Total: 2.828500 ms (FindLiveObjects: 0.394600 ms CreateObjectMapping: 0.366000 ms MarkObjects: 1.959200 ms  DeleteObjects: 0.107100 ms)

========================================================================
Received Prepare
Registering precompiled user dll's ...
Registered in 0.006536 seconds.
Begin MonoManager ReloadAssembly
Native extension for WindowsStandalone target not found
Native extension for WebGL target not found
Refreshing native plugins compatible for Editor in 0.74 ms, found 1 plugins.
Preloading 0 native plugins for Editor in 0.00 ms.
Mono: successfully reloaded assembly
- Completed reload, in  1.380 seconds
Platform modules already initialized, skipping
Refreshing native plugins compatible for Editor in 0.68 ms, found 1 plugins.
Preloading 0 native plugins for Editor in 0.00 ms.
Unloading 2747 Unused Serialized files (Serialized files now loaded: 0)
System memory in use before: 121.1 MB.
System memory in use after: 121.3 MB.

Unloading 11 unused Assets to reduce memory usage. Loaded Objects now: 3290.
Total: 3.907400 ms (FindLiveObjects: 0.638500 ms CreateObjectMapping: 0.336000 ms MarkObjects: 2.808700 ms  DeleteObjects: 0.121600 ms)

========================================================================
Received Prepare
Registering precompiled user dll's ...
Registered in 0.004900 seconds.
Begin MonoManager ReloadAssembly
Native extension for WindowsStandalone target not found
Native extension for WebGL target not found
Refreshing native plugins compatible for Editor in 0.68 ms, found 1 plugins.
Preloading 0 native plugins for Editor in 0.00 ms.
Mono: successfully reloaded assembly
- Completed reload, in  1.244 seconds
Platform modules already initialized, skipping
Refreshing native plugins compatible for Editor in 0.65 ms, found 1 plugins.
Preloading 0 native plugins for Editor in 0.00 ms.
Unloading 2747 Unused Serialized files (Serialized files now loaded: 0)
System memory in use before: 121.1 MB.
System memory in use after: 121.3 MB.

Unloading 11 unused Assets to reduce memory usage. Loaded Objects now: 3293.
Total: 2.454500 ms (FindLiveObjects: 0.364300 ms CreateObjectMapping: 0.150400 ms MarkObjects: 1.843000 ms  DeleteObjects: 0.095600 ms)

========================================================================
Received Prepare
Registering precompiled user dll's ...
Registered in 0.005309 seconds.
Begin MonoManager ReloadAssembly
Native extension for WindowsStandalone target not found
Native extension for WebGL target not found
Refreshing native plugins compatible for Editor in 0.70 ms, found 1 plugins.
Preloading 0 native plugins for Editor in 0.00 ms.
Mono: successfully reloaded assembly
- Completed reload, in  1.236 seconds
Platform modules already initialized, skipping
Refreshing native plugins compatible for Editor in 0.70 ms, found 1 plugins.
Preloading 0 native plugins for Editor in 0.00 ms.
Unloading 2747 Unused Serialized files (Serialized files now loaded: 0)
System memory in use before: 121.1 MB.
System memory in use after: 121.3 MB.

Unloading 11 unused Assets to reduce memory usage. Loaded Objects now: 3296.
Total: 2.678900 ms (FindLiveObjects: 0.451500 ms CreateObjectMapping: 0.152900 ms MarkObjects: 1.971300 ms  DeleteObjects: 0.101700 ms)

========================================================================
Received Prepare
Registering precompiled user dll's ...
Registered in 0.006194 seconds.
Begin MonoManager ReloadAssembly
Native extension for WindowsStandalone target not found
Native extension for WebGL target not found
Refreshing native plugins compatible for Editor in 0.70 ms, found 1 plugins.
Preloading 0 native plugins for Editor in 0.00 ms.
Mono: successfully reloaded assembly
- Completed reload, in  1.250 seconds
Platform modules already initialized, skipping
Refreshing native plugins compatible for Editor in 0.82 ms, found 1 plugins.
Preloading 0 native plugins for Editor in 0.00 ms.
Unloading 2747 Unused Serialized files (Serialized files now loaded: 0)
System memory in use before: 121.1 MB.
System memory in use after: 121.3 MB.

Unloading 11 unused Assets to reduce memory usage. Loaded Objects now: 3299.
Total: 2.991200 ms (FindLiveObjects: 0.459300 ms CreateObjectMapping: 0.166400 ms MarkObjects: 2.265200 ms  DeleteObjects: 0.098700 ms)

========================================================================
Received Prepare
Registering precompiled user dll's ...
Registered in 0.005152 seconds.
Begin MonoManager ReloadAssembly
Native extension for WindowsStandalone target not found
Native extension for WebGL target not found
Refreshing native plugins compatible for Editor in 0.70 ms, found 1 plugins.
Preloading 0 native plugins for Editor in 0.00 ms.
Mono: successfully reloaded assembly
- Completed reload, in  1.276 seconds
Platform modules already initialized, skipping
Refreshing native plugins compatible for Editor in 0.74 ms, found 1 plugins.
Preloading 0 native plugins for Editor in 0.00 ms.
Unloading 2747 Unused Serialized files (Serialized files now loaded: 0)
System memory in use before: 121.1 MB.
System memory in use after: 121.3 MB.

Unloading 11 unused Assets to reduce memory usage. Loaded Objects now: 3302.
Total: 2.833900 ms (FindLiveObjects: 0.445300 ms CreateObjectMapping: 0.333100 ms MarkObjects: 1.954800 ms  DeleteObjects: 0.099500 ms)

========================================================================
Received Prepare
Registering precompiled user dll's ...
Registered in 0.007010 seconds.
Begin MonoManager ReloadAssembly
Native extension for WindowsStandalone target not found
Native extension for WebGL target not found
Refreshing native plugins compatible for Editor in 0.69 ms, found 1 plugins.
Preloading 0 native plugins for Editor in 0.00 ms.
Mono: successfully reloaded assembly
- Completed reload, in  1.246 seconds
Platform modules already initialized, skipping
Refreshing native plugins compatible for Editor in 0.74 ms, found 1 plugins.
Preloading 0 native plugins for Editor in 0.00 ms.
Unloading 2747 Unused Serialized files (Serialized files now loaded: 0)
System memory in use before: 121.1 MB.
System memory in use after: 121.3 MB.

Unloading 11 unused Assets to reduce memory usage. Loaded Objects now: 3305.
Total: 2.955600 ms (FindLiveObjects: 0.627600 ms CreateObjectMapping: 0.224600 ms MarkObjects: 2.004500 ms  DeleteObjects: 0.097000 ms)

========================================================================
Received Prepare
Registering precompiled user dll's ...
Registered in 0.004812 seconds.
Begin MonoManager ReloadAssembly
Native extension for WindowsStandalone target not found
Native extension for WebGL target not found
Refreshing native plugins compatible for Editor in 0.67 ms, found 1 plugins.
Preloading 0 native plugins for Editor in 0.00 ms.
Mono: successfully reloaded assembly
- Completed reload, in  1.306 seconds
Platform modules already initialized, skipping
Refreshing native plugins compatible for Editor in 0.67 ms, found 1 plugins.
Preloading 0 native plugins for Editor in 0.00 ms.
Unloading 2747 Unused Serialized files (Serialized files now loaded: 0)
System memory in use before: 121.1 MB.
System memory in use after: 121.3 MB.

Unloading 11 unused Assets to reduce memory usage. Loaded Objects now: 3308.
Total: 3.824200 ms (FindLiveObjects: 0.488300 ms CreateObjectMapping: 0.350700 ms MarkObjects: 2.838100 ms  DeleteObjects: 0.144900 ms)

========================================================================
Received Prepare
Registering precompiled user dll's ...
Registered in 0.005617 seconds.
Begin MonoManager ReloadAssembly
Native extension for WindowsStandalone target not found
Native extension for WebGL target not found
Refreshing native plugins compatible for Editor in 0.66 ms, found 1 plugins.
Preloading 0 native plugins for Editor in 0.00 ms.
Mono: successfully reloaded assembly
- Completed reload, in  1.424 seconds
Platform modules already initialized, skipping
Refreshing native plugins compatible for Editor in 1.03 ms, found 1 plugins.
Preloading 0 native plugins for Editor in 0.00 ms.
Unloading 2747 Unused Serialized files (Serialized files now loaded: 0)
System memory in use before: 121.2 MB.
System memory in use after: 121.4 MB.

Unloading 11 unused Assets to reduce memory usage. Loaded Objects now: 3311.
Total: 3.579600 ms (FindLiveObjects: 0.430000 ms CreateObjectMapping: 0.361500 ms MarkObjects: 2.674000 ms  DeleteObjects: 0.112100 ms)

========================================================================
Received Prepare
Registering precompiled user dll's ...
Registered in 0.034774 seconds.
Begin MonoManager ReloadAssembly
Native extension for WindowsStandalone target not found
Native extension for WebGL target not found
Refreshing native plugins compatible for Editor in 0.96 ms, found 1 plugins.
Preloading 0 native plugins for Editor in 0.00 ms.
Mono: successfully reloaded assembly
- Completed reload, in  1.718 seconds
Platform modules already initialized, skipping
Refreshing native plugins compatible for Editor in 0.88 ms, found 1 plugins.
Preloading 0 native plugins for Editor in 0.00 ms.
Unloading 2747 Unused Serialized files (Serialized files now loaded: 0)
System memory in use before: 121.2 MB.
System memory in use after: 121.4 MB.

Unloading 11 unused Assets to reduce memory usage. Loaded Objects now: 3314.
Total: 3.309500 ms (FindLiveObjects: 0.570000 ms CreateObjectMapping: 0.195300 ms MarkObjects: 2.403000 ms  DeleteObjects: 0.138900 ms)

========================================================================
Received Import Request.
  Time since last request: 8319.398525 seconds.
  path: Assets/Stuffs/_Source_Files/Misc/SM_Prop_Barrel_01.fbx
  artifactKey: Guid(0934a3eb8623484489b357f278941c88) Importer(815301076,1909f56bfc062723c751e8b465ee728b)
Start importing Assets/Stuffs/_Source_Files/Misc/SM_Prop_Barrel_01.fbx using Guid(0934a3eb8623484489b357f278941c88) Importer(815301076,1909f56bfc062723c751e8b465ee728b)  -> (artifact id: '1e533a30d91d2b8657fc3b1cbdd24070') in 0.175195 seconds
  Import took 0.191453 seconds .

========================================================================
Received Import Request.
  Time since last request: 4.359675 seconds.
  path: Assets/Prefabs/Player.prefab
  artifactKey: Guid(863d46a963b0966459eb126ef0cd2abb) Importer(815301076,1909f56bfc062723c751e8b465ee728b)
Start importing Assets/Prefabs/Player.prefab using Guid(863d46a963b0966459eb126ef0cd2abb) Importer(815301076,1909f56bfc062723c751e8b465ee728b)  -> (artifact id: 'f7b7aae62d406ea6ce0e75e66ba423e5') in 0.183121 seconds
  Import took 0.195819 seconds .

========================================================================
Received Prepare
Registering precompiled user dll's ...
Registered in 0.005062 seconds.
Begin MonoManager ReloadAssembly
Native extension for WindowsStandalone target not found
Native extension for WebGL target not found
Refreshing native plugins compatible for Editor in 0.62 ms, found 1 plugins.
Preloading 0 native plugins for Editor in 0.00 ms.
Mono: successfully reloaded assembly
- Completed reload, in  1.229 seconds
Platform modules already initialized, skipping
Refreshing native plugins compatible for Editor in 0.66 ms, found 1 plugins.
Preloading 0 native plugins for Editor in 0.00 ms.
Unloading 2747 Unused Serialized files (Serialized files now loaded: 0)
System memory in use before: 121.3 MB.
System memory in use after: 121.5 MB.

Unloading 12 unused Assets to reduce memory usage. Loaded Objects now: 3321.
Total: 2.951900 ms (FindLiveObjects: 0.479800 ms CreateObjectMapping: 0.188700 ms MarkObjects: 2.180600 ms  DeleteObjects: 0.101500 ms)

========================================================================
Received Import Request.
  Time since last request: 10.708504 seconds.
  path: Assets/Prefabs/Obstacles/Obstacle5.prefab
  artifactKey: Guid(33fce339b8275594fa5521362d24a81f) Importer(815301076,1909f56bfc062723c751e8b465ee728b)
Start importing Assets/Prefabs/Obstacles/Obstacle5.prefab using Guid(33fce339b8275594fa5521362d24a81f) Importer(815301076,1909f56bfc062723c751e8b465ee728b)  -> (artifact id: 'a955439bfb1a2b3faa3455429236e005') in 0.176907 seconds
  Import took 0.184125 seconds .

========================================================================
Received Prepare
Registering precompiled user dll's ...
Registered in 0.004914 seconds.
Begin MonoManager ReloadAssembly
Native extension for WindowsStandalone target not found
Native extension for WebGL target not found
Refreshing native plugins compatible for Editor in 0.64 ms, found 1 plugins.
Preloading 0 native plugins for Editor in 0.00 ms.
Mono: successfully reloaded assembly
- Completed reload, in  1.237 seconds
Platform modules already initialized, skipping
Refreshing native plugins compatible for Editor in 0.76 ms, found 1 plugins.
Preloading 0 native plugins for Editor in 0.00 ms.
Unloading 2747 Unused Serialized files (Serialized files now loaded: 0)
System memory in use before: 121.3 MB.
System memory in use after: 121.5 MB.

Unloading 11 unused Assets to reduce memory usage. Loaded Objects now: 3325.
Total: 3.508100 ms (FindLiveObjects: 0.449100 ms CreateObjectMapping: 0.300100 ms MarkObjects: 2.646800 ms  DeleteObjects: 0.106700 ms)

AssetImportWorkerClient::OnTransportError - code=2 error=End of file
