Using pre-set license
Built from '2021.1/staging' branch; Version is '2021.1.6f1 (c0fade0cc7e9) revision 12647134'; Using compiler version '192528614'; Build Type 'Release'
OS: 'Windows 10 Home; OS build 19042.985; Version 2009; 64bit' Language: 'en' Physical Memory: 16328 MB
BatchMode: 1, IsHumanControllingUs: 0, StartBugReporterOnCrash: 0, Is64bit: 1, IsPro: 0

 COMMAND LINE ARGUMENTS:
C:\Program Files\Unity\Hub\Editor\2021.1.6f1\Editor\Unity.exe
-adb2
-batchMode
-noUpm
-name
AssetImportWorker0
-projectPath
C:/Users/YangD/OneDrive/Documents/GitHub/Unity/Learnings/Create with Code/Personal Practice/CityHunter
-logFile
Logs/AssetImportWorker0.log
-srvPort
62992
Successfully changed project path to: C:/Users/YangD/OneDrive/Documents/GitHub/Unity/Learnings/Create with Code/Personal Practice/CityHunter
C:/Users/YangD/OneDrive/Documents/GitHub/Unity/Learnings/Create with Code/Personal Practice/CityHunter
Using Asset Import Pipeline V2.
Refreshing native plugins compatible for Editor in 111.52 ms, found 1 plugins.
Preloading 0 native plugins for Editor in 0.00 ms.
Initialize engine version: 2021.1.6f1 (c0fade0cc7e9)
[Subsystems] Discovering subsystems at path C:/Program Files/Unity/Hub/Editor/2021.1.6f1/Editor/Data/Resources/UnitySubsystems
[Subsystems] Discovering subsystems at path C:/Users/YangD/OneDrive/Documents/GitHub/Unity/Learnings/Create with Code/Personal Practice/CityHunter/Assets
GfxDevice: creating device client; threaded=0; jobified=0
Direct3D:
    Version:  Direct3D 11.0 [level 11.0]
    Renderer: NVIDIA GeForce GPU (ID=0x1392)
    Vendor:   NVIDIA
    VRAM:     2007 MB
    Driver:   23.21.13.9125
Initialize mono
Mono path[0] = 'C:/Program Files/Unity/Hub/Editor/2021.1.6f1/Editor/Data/Managed'
Mono path[1] = 'C:/Program Files/Unity/Hub/Editor/2021.1.6f1/Editor/Data/MonoBleedingEdge/lib/mono/unityjit'
Mono config path = 'C:/Program Files/Unity/Hub/Editor/2021.1.6f1/Editor/Data/MonoBleedingEdge/etc'
Using monoOptions --debugger-agent=transport=dt_socket,embedding=1,server=y,suspend=n,address=127.0.0.1:56932
Begin MonoManager ReloadAssembly
Registering precompiled unity dll's ...
Register platform support module: C:/Program Files/Unity/Hub/Editor/2021.1.6f1/Editor/Data/PlaybackEngines/WebGLSupport/UnityEditor.WebGL.Extensions.dll
Register platform support module: C:/Program Files/Unity/Hub/Editor/2021.1.6f1/Editor/Data/PlaybackEngines/WindowsStandaloneSupport/UnityEditor.WindowsStandalone.Extensions.dll
Registered in 0.003139 seconds.
Native extension for WindowsStandalone target not found
Native extension for WebGL target not found
Refreshing native plugins compatible for Editor in 97.01 ms, found 1 plugins.
Preloading 0 native plugins for Editor in 0.00 ms.
Mono: successfully reloaded assembly
- Completed reload, in  2.625 seconds
Platform modules already initialized, skipping
Registering precompiled user dll's ...
Registered in 0.004562 seconds.
Begin MonoManager ReloadAssembly
Native extension for WindowsStandalone target not found
Native extension for WebGL target not found
Refreshing native plugins compatible for Editor in 0.61 ms, found 1 plugins.
Preloading 0 native plugins for Editor in 0.00 ms.
Mono: successfully reloaded assembly
- Completed reload, in  1.393 seconds
Platform modules already initialized, skipping
========================================================================
Worker process is ready to serve import requests
Launched and connected shader compiler UnityShaderCompiler.exe after 0.06 seconds
Refreshing native plugins compatible for Editor in 0.69 ms, found 1 plugins.
Preloading 0 native plugins for Editor in 0.00 ms.
Unloading 2672 Unused Serialized files (Serialized files now loaded: 0)
System memory in use before: 102.0 MB.
System memory in use after: 102.2 MB.

Unloading 15 unused Assets to reduce memory usage. Loaded Objects now: 3125.
Total: 3.308400 ms (FindLiveObjects: 0.377300 ms CreateObjectMapping: 0.305100 ms MarkObjects: 2.508700 ms  DeleteObjects: 0.115800 ms)

========================================================================
Received Import Request.
  path: Assets/Prefabs/Player.prefab
  artifactKey: Guid(863d46a963b0966459eb126ef0cd2abb) Importer(815301076,1909f56bfc062723c751e8b465ee728b)
Start importing Assets/Prefabs/Player.prefab using Guid(863d46a963b0966459eb126ef0cd2abb) Importer(815301076,1909f56bfc062723c751e8b465ee728b)  -> (artifact id: '15d97ede7f4b6660a1d2804f5956ce9d') in 0.276205 seconds 
========================================================================
Received Prepare
Refreshing native plugins compatible for Editor in 2.68 ms, found 1 plugins.
Preloading 0 native plugins for Editor in 0.00 ms.
Unloading 8 Unused Serialized files (Serialized files now loaded: 0)
System memory in use before: 66.3 MB.
System memory in use after: 66.5 MB.

Unloading 8 unused Assets to reduce memory usage. Loaded Objects now: 3134.
Total: 3.087400 ms (FindLiveObjects: 0.299500 ms CreateObjectMapping: 0.143500 ms MarkObjects: 2.584000 ms  DeleteObjects: 0.059200 ms)

========================================================================
Received Prepare
Registering precompiled user dll's ...
Registered in 0.004607 seconds.
Begin MonoManager ReloadAssembly
Native extension for WindowsStandalone target not found
Native extension for WebGL target not found
Refreshing native plugins compatible for Editor in 0.91 ms, found 1 plugins.
Preloading 0 native plugins for Editor in 0.00 ms.
Mono: successfully reloaded assembly
- Completed reload, in  1.331 seconds
Platform modules already initialized, skipping
Refreshing native plugins compatible for Editor in 0.63 ms, found 1 plugins.
Preloading 0 native plugins for Editor in 0.00 ms.
Unloading 2666 Unused Serialized files (Serialized files now loaded: 0)
System memory in use before: 119.4 MB.
System memory in use after: 119.6 MB.

Unloading 10 unused Assets to reduce memory usage. Loaded Objects now: 3137.
Total: 2.401400 ms (FindLiveObjects: 0.263600 ms CreateObjectMapping: 0.130900 ms MarkObjects: 1.936700 ms  DeleteObjects: 0.069000 ms)

========================================================================
Received Prepare
Registering precompiled user dll's ...
Registered in 0.007909 seconds.
Begin MonoManager ReloadAssembly
Native extension for WindowsStandalone target not found
Native extension for WebGL target not found
Refreshing native plugins compatible for Editor in 0.68 ms, found 1 plugins.
Preloading 0 native plugins for Editor in 0.00 ms.
Mono: successfully reloaded assembly
- Completed reload, in  1.836 seconds
Platform modules already initialized, skipping
Refreshing native plugins compatible for Editor in 0.95 ms, found 1 plugins.
Preloading 0 native plugins for Editor in 0.00 ms.
Unloading 2666 Unused Serialized files (Serialized files now loaded: 0)
System memory in use before: 119.4 MB.
System memory in use after: 119.6 MB.

Unloading 10 unused Assets to reduce memory usage. Loaded Objects now: 3140.
Total: 2.830500 ms (FindLiveObjects: 0.249800 ms CreateObjectMapping: 0.200400 ms MarkObjects: 2.309500 ms  DeleteObjects: 0.069400 ms)

========================================================================
Received Import Request.
  Time since last request: 396.940165 seconds.
  path: Assets/Prefabs/Obstacles/Obstacle5.prefab
  artifactKey: Guid(33fce339b8275594fa5521362d24a81f) Importer(815301076,1909f56bfc062723c751e8b465ee728b)
Start importing Assets/Prefabs/Obstacles/Obstacle5.prefab using Guid(33fce339b8275594fa5521362d24a81f) Importer(815301076,1909f56bfc062723c751e8b465ee728b)  -> (artifact id: '37484de074157288fb3d58fe59e58424') in 0.108050 seconds 
========================================================================
Received Import Request.
  Time since last request: 7.916110 seconds.
  path: Assets/Prefabs/Obstacles/Obstacle5.prefab
  artifactKey: Guid(33fce339b8275594fa5521362d24a81f) Importer(815301076,1909f56bfc062723c751e8b465ee728b)
Start importing Assets/Prefabs/Obstacles/Obstacle5.prefab using Guid(33fce339b8275594fa5521362d24a81f) Importer(815301076,1909f56bfc062723c751e8b465ee728b)  -> (artifact id: 'e0f54b8af85a9c521fb82ded16ed7b11') in 0.020687 seconds 
========================================================================
Received Prepare
Registering precompiled user dll's ...
Registered in 0.004865 seconds.
Begin MonoManager ReloadAssembly
Native extension for WindowsStandalone target not found
Native extension for WebGL target not found
Refreshing native plugins compatible for Editor in 0.67 ms, found 1 plugins.
Preloading 0 native plugins for Editor in 0.00 ms.
Mono: successfully reloaded assembly
- Completed reload, in  1.408 seconds
Platform modules already initialized, skipping
Refreshing native plugins compatible for Editor in 0.60 ms, found 1 plugins.
Preloading 0 native plugins for Editor in 0.00 ms.
Unloading 2666 Unused Serialized files (Serialized files now loaded: 0)
System memory in use before: 119.5 MB.
System memory in use after: 119.7 MB.

Unloading 10 unused Assets to reduce memory usage. Loaded Objects now: 3144.
Total: 2.505400 ms (FindLiveObjects: 0.389400 ms CreateObjectMapping: 0.151800 ms MarkObjects: 1.861800 ms  DeleteObjects: 0.101200 ms)

========================================================================
Received Import Request.
  Time since last request: 127.377864 seconds.
  path: Assets/Prefabs/Obstacles/Obstacle5.prefab
  artifactKey: Guid(33fce339b8275594fa5521362d24a81f) Importer(815301076,1909f56bfc062723c751e8b465ee728b)
Start importing Assets/Prefabs/Obstacles/Obstacle5.prefab using Guid(33fce339b8275594fa5521362d24a81f) Importer(815301076,1909f56bfc062723c751e8b465ee728b)  -> (artifact id: 'f4008a9b577dd9483b3f611113ebb9a7') in 0.086696 seconds 
========================================================================
Received Import Request.
  Time since last request: 14.325714 seconds.
  path: Assets/Prefabs/Obstacles/Obstacle5.prefab
  artifactKey: Guid(33fce339b8275594fa5521362d24a81f) Importer(815301076,1909f56bfc062723c751e8b465ee728b)
Start importing Assets/Prefabs/Obstacles/Obstacle5.prefab using Guid(33fce339b8275594fa5521362d24a81f) Importer(815301076,1909f56bfc062723c751e8b465ee728b)  -> (artifact id: '224728e4311d363ffd44c5bd45e13045') in 0.036922 seconds 
========================================================================
Received Import Request.
  Time since last request: 88.128811 seconds.
  path: Assets/Prefabs/Obstacles/Obstacle5.prefab
  artifactKey: Guid(33fce339b8275594fa5521362d24a81f) Importer(815301076,1909f56bfc062723c751e8b465ee728b)
Start importing Assets/Prefabs/Obstacles/Obstacle5.prefab using Guid(33fce339b8275594fa5521362d24a81f) Importer(815301076,1909f56bfc062723c751e8b465ee728b)  -> (artifact id: 'f6d519d0427e87f0aa512cc1229bc0ca') in 0.031898 seconds 
========================================================================
Received Prepare
Registering precompiled user dll's ...
Registered in 0.004608 seconds.
Begin MonoManager ReloadAssembly
Native extension for WindowsStandalone target not found
Native extension for WebGL target not found
Refreshing native plugins compatible for Editor in 0.66 ms, found 1 plugins.
Preloading 0 native plugins for Editor in 0.00 ms.
Mono: successfully reloaded assembly
- Completed reload, in  1.209 seconds
Platform modules already initialized, skipping
Refreshing native plugins compatible for Editor in 0.62 ms, found 1 plugins.
Preloading 0 native plugins for Editor in 0.00 ms.
Unloading 2666 Unused Serialized files (Serialized files now loaded: 0)
System memory in use before: 119.5 MB.
System memory in use after: 119.7 MB.

Unloading 10 unused Assets to reduce memory usage. Loaded Objects now: 3148.
Total: 2.406200 ms (FindLiveObjects: 0.220300 ms CreateObjectMapping: 0.155900 ms MarkObjects: 1.923600 ms  DeleteObjects: 0.105500 ms)

========================================================================
Received Prepare
Registering precompiled user dll's ...
Registered in 0.004263 seconds.
Begin MonoManager ReloadAssembly
Native extension for WindowsStandalone target not found
Native extension for WebGL target not found
Refreshing native plugins compatible for Editor in 0.64 ms, found 1 plugins.
Preloading 0 native plugins for Editor in 0.00 ms.
Mono: successfully reloaded assembly
- Completed reload, in  1.263 seconds
Platform modules already initialized, skipping
Refreshing native plugins compatible for Editor in 0.63 ms, found 1 plugins.
Preloading 0 native plugins for Editor in 0.00 ms.
Unloading 2666 Unused Serialized files (Serialized files now loaded: 0)
System memory in use before: 119.5 MB.
System memory in use after: 119.7 MB.

Unloading 10 unused Assets to reduce memory usage. Loaded Objects now: 3151.
Total: 2.334800 ms (FindLiveObjects: 0.252200 ms CreateObjectMapping: 0.142300 ms MarkObjects: 1.876900 ms  DeleteObjects: 0.062200 ms)

========================================================================
Received Import Request.
  Time since last request: 155.993216 seconds.
  path: Assets/Scripts/NoramalBehavior/SpawnManager.cs
  artifactKey: Guid(4cbb2e1538fb5094baa7a24f9802cdcd) Importer(815301076,1909f56bfc062723c751e8b465ee728b)
Start importing Assets/Scripts/NoramalBehavior/SpawnManager.cs using Guid(4cbb2e1538fb5094baa7a24f9802cdcd) Importer(815301076,1909f56bfc062723c751e8b465ee728b)  -> (artifact id: '49ec48c3596b01d08d1f17d5a11a15e9') in 0.026527 seconds 
========================================================================
Received Prepare
Registering precompiled user dll's ...
Registered in 0.004154 seconds.
Begin MonoManager ReloadAssembly
Native extension for WindowsStandalone target not found
Native extension for WebGL target not found
Refreshing native plugins compatible for Editor in 0.63 ms, found 1 plugins.
Preloading 0 native plugins for Editor in 0.00 ms.
Mono: successfully reloaded assembly
- Completed reload, in  1.215 seconds
Platform modules already initialized, skipping
Refreshing native plugins compatible for Editor in 0.60 ms, found 1 plugins.
Preloading 0 native plugins for Editor in 0.00 ms.
Unloading 2666 Unused Serialized files (Serialized files now loaded: 0)
System memory in use before: 119.5 MB.
System memory in use after: 119.7 MB.

Unloading 10 unused Assets to reduce memory usage. Loaded Objects now: 3154.
Total: 2.617600 ms (FindLiveObjects: 0.263800 ms CreateObjectMapping: 0.130500 ms MarkObjects: 2.128800 ms  DeleteObjects: 0.093500 ms)

========================================================================
Received Import Request.
  Time since last request: 60.477133 seconds.
  path: Assets/Scripts/NoramalBehavior/SpawnManager.cs
  artifactKey: Guid(4cbb2e1538fb5094baa7a24f9802cdcd) Importer(815301076,1909f56bfc062723c751e8b465ee728b)
Start importing Assets/Scripts/NoramalBehavior/SpawnManager.cs using Guid(4cbb2e1538fb5094baa7a24f9802cdcd) Importer(815301076,1909f56bfc062723c751e8b465ee728b)  -> (artifact id: 'a4c058730c2e1fdbdf198bcac41090b2') in 0.007571 seconds 
========================================================================
Received Prepare
Registering precompiled user dll's ...
Registered in 0.004099 seconds.
Begin MonoManager ReloadAssembly
Native extension for WindowsStandalone target not found
Native extension for WebGL target not found
Refreshing native plugins compatible for Editor in 0.62 ms, found 1 plugins.
Preloading 0 native plugins for Editor in 0.00 ms.
Mono: successfully reloaded assembly
- Completed reload, in  1.351 seconds
Platform modules already initialized, skipping
Refreshing native plugins compatible for Editor in 0.68 ms, found 1 plugins.
Preloading 0 native plugins for Editor in 0.00 ms.
Unloading 2666 Unused Serialized files (Serialized files now loaded: 0)
System memory in use before: 119.6 MB.
System memory in use after: 119.8 MB.

Unloading 10 unused Assets to reduce memory usage. Loaded Objects now: 3157.
Total: 3.068700 ms (FindLiveObjects: 0.288800 ms CreateObjectMapping: 0.130500 ms MarkObjects: 2.547200 ms  DeleteObjects: 0.101300 ms)

========================================================================
Received Import Request.
  Time since last request: 92.038050 seconds.
  path: ProjectSettings/TagManager.asset
  artifactKey: Guid(00000000000000003000000000000000) Importer(815301076,1909f56bfc062723c751e8b465ee728b)
Start importing ProjectSettings/TagManager.asset using Guid(00000000000000003000000000000000) Importer(815301076,1909f56bfc062723c751e8b465ee728b)  -> (artifact id: '292ee8b390c6f4c07325913012a465e7') in 0.055532 seconds 
========================================================================
Received Import Request.
  Time since last request: 25.522699 seconds.
  path: Assets/Prefabs/Obstacles/Obstacle1.prefab
  artifactKey: Guid(df03746c89980e64b943adbb461fb045) Importer(815301076,1909f56bfc062723c751e8b465ee728b)
Start importing Assets/Prefabs/Obstacles/Obstacle1.prefab using Guid(df03746c89980e64b943adbb461fb045) Importer(815301076,1909f56bfc062723c751e8b465ee728b)  -> (artifact id: '45469cc9018670f084628a5aa9a8baa9') in 0.076107 seconds 
========================================================================
Received Import Request.
  Time since last request: 3.426278 seconds.
  path: Assets/Prefabs/Obstacles/Obstacle2.prefab
  artifactKey: Guid(b25d35c1f5a2bfa43964961cd26e5685) Importer(815301076,1909f56bfc062723c751e8b465ee728b)
Start importing Assets/Prefabs/Obstacles/Obstacle2.prefab using Guid(b25d35c1f5a2bfa43964961cd26e5685) Importer(815301076,1909f56bfc062723c751e8b465ee728b)  -> (artifact id: '799eb780c19116732cd9dba1ddb0b4ab') in 0.021070 seconds 
========================================================================
Received Import Request.
  Time since last request: 3.190528 seconds.
  path: Assets/Prefabs/Obstacles/Obstacle3.prefab
  artifactKey: Guid(b8492e64d1c901e4894a3d9d430be277) Importer(815301076,1909f56bfc062723c751e8b465ee728b)
Start importing Assets/Prefabs/Obstacles/Obstacle3.prefab using Guid(b8492e64d1c901e4894a3d9d430be277) Importer(815301076,1909f56bfc062723c751e8b465ee728b)  -> (artifact id: 'fedb3c080d458ccffe0703de436dff1a') in 0.023938 seconds 
========================================================================
Received Import Request.
  Time since last request: 3.121452 seconds.
  path: Assets/Prefabs/Obstacles/Obstacle4.prefab
  artifactKey: Guid(a6910c8e9fda7ae4e8071dde7230be69) Importer(815301076,1909f56bfc062723c751e8b465ee728b)
Start importing Assets/Prefabs/Obstacles/Obstacle4.prefab using Guid(a6910c8e9fda7ae4e8071dde7230be69) Importer(815301076,1909f56bfc062723c751e8b465ee728b)  -> (artifact id: 'cb570696db66ed70968d61c00d102429') in 0.019893 seconds 
========================================================================
Received Import Request.
  Time since last request: 0.009676 seconds.
  path: Assets/Prefabs/Obstacles/Obstacle5.prefab
  artifactKey: Guid(33fce339b8275594fa5521362d24a81f) Importer(815301076,1909f56bfc062723c751e8b465ee728b)
Start importing Assets/Prefabs/Obstacles/Obstacle5.prefab using Guid(33fce339b8275594fa5521362d24a81f) Importer(815301076,1909f56bfc062723c751e8b465ee728b)  -> (artifact id: '73574189dd19eaa8b2c98c83edac1ef4') in 0.036290 seconds 
========================================================================
Received Import Request.
  Time since last request: 3.032168 seconds.
  path: Assets/Prefabs/Obstacles/Obstacle5.prefab
  artifactKey: Guid(33fce339b8275594fa5521362d24a81f) Importer(815301076,1909f56bfc062723c751e8b465ee728b)
Start importing Assets/Prefabs/Obstacles/Obstacle5.prefab using Guid(33fce339b8275594fa5521362d24a81f) Importer(815301076,1909f56bfc062723c751e8b465ee728b)  -> (artifact id: '3e4685063a7496c199d608ed836cc158') in 0.026225 seconds 
========================================================================
Received Prepare
Registering precompiled user dll's ...
Registered in 0.005464 seconds.
Begin MonoManager ReloadAssembly
Native extension for WindowsStandalone target not found
Native extension for WebGL target not found
Refreshing native plugins compatible for Editor in 0.61 ms, found 1 plugins.
Preloading 0 native plugins for Editor in 0.00 ms.
Mono: successfully reloaded assembly
- Completed reload, in  1.187 seconds
Platform modules already initialized, skipping
Refreshing native plugins compatible for Editor in 0.60 ms, found 1 plugins.
Preloading 0 native plugins for Editor in 0.00 ms.
Unloading 2666 Unused Serialized files (Serialized files now loaded: 0)
System memory in use before: 119.6 MB.
System memory in use after: 119.8 MB.

Unloading 11 unused Assets to reduce memory usage. Loaded Objects now: 3161.
Total: 2.532800 ms (FindLiveObjects: 0.238100 ms CreateObjectMapping: 0.239600 ms MarkObjects: 1.951800 ms  DeleteObjects: 0.102500 ms)

========================================================================
Received Prepare
Registering precompiled user dll's ...
Registered in 0.004450 seconds.
Begin MonoManager ReloadAssembly
Native extension for WindowsStandalone target not found
Native extension for WebGL target not found
Refreshing native plugins compatible for Editor in 0.71 ms, found 1 plugins.
Preloading 0 native plugins for Editor in 0.00 ms.
Mono: successfully reloaded assembly
- Completed reload, in  1.250 seconds
Platform modules already initialized, skipping
Refreshing native plugins compatible for Editor in 0.66 ms, found 1 plugins.
Preloading 0 native plugins for Editor in 0.00 ms.
Unloading 2666 Unused Serialized files (Serialized files now loaded: 0)
System memory in use before: 119.6 MB.
System memory in use after: 119.8 MB.

Unloading 10 unused Assets to reduce memory usage. Loaded Objects now: 3164.
Total: 3.340900 ms (FindLiveObjects: 0.333400 ms CreateObjectMapping: 0.277000 ms MarkObjects: 2.638600 ms  DeleteObjects: 0.090800 ms)

========================================================================
Received Import Request.
  Time since last request: 190.678623 seconds.
  path: Assets/Scripts/Player/PlayerController.cs
  artifactKey: Guid(bc74202421bd73b48aa9f3b772ee2ddd) Importer(815301076,1909f56bfc062723c751e8b465ee728b)
Start importing Assets/Scripts/Player/PlayerController.cs using Guid(bc74202421bd73b48aa9f3b772ee2ddd) Importer(815301076,1909f56bfc062723c751e8b465ee728b)  -> (artifact id: 'f18aed8de5432ab625a3d8fdf0c244e3') in 0.013115 seconds 
========================================================================
Received Prepare
Registering precompiled user dll's ...
Registered in 0.004274 seconds.
Begin MonoManager ReloadAssembly
Native extension for WindowsStandalone target not found
Native extension for WebGL target not found
Refreshing native plugins compatible for Editor in 0.57 ms, found 1 plugins.
Preloading 0 native plugins for Editor in 0.00 ms.
Mono: successfully reloaded assembly
- Completed reload, in  1.213 seconds
Platform modules already initialized, skipping
Refreshing native plugins compatible for Editor in 0.63 ms, found 1 plugins.
Preloading 0 native plugins for Editor in 0.00 ms.
Unloading 2666 Unused Serialized files (Serialized files now loaded: 0)
System memory in use before: 119.6 MB.
System memory in use after: 119.8 MB.

Unloading 10 unused Assets to reduce memory usage. Loaded Objects now: 3167.
Total: 2.650600 ms (FindLiveObjects: 0.235200 ms CreateObjectMapping: 0.138900 ms MarkObjects: 2.183600 ms  DeleteObjects: 0.092200 ms)

========================================================================
Received Import Request.
  Time since last request: 52.181162 seconds.
  path: Assets/Scripts/GameManger.cs
  artifactKey: Guid(a0394f3ebd1818e4490219bb2cbe4cc6) Importer(815301076,1909f56bfc062723c751e8b465ee728b)
Start importing Assets/Scripts/GameManger.cs using Guid(a0394f3ebd1818e4490219bb2cbe4cc6) Importer(815301076,1909f56bfc062723c751e8b465ee728b)  -> (artifact id: 'b9070d204710813b543fbe75fd6c31ff') in 0.015696 seconds 
========================================================================
Received Prepare
Registering precompiled user dll's ...
Registered in 0.004154 seconds.
Begin MonoManager ReloadAssembly
Native extension for WindowsStandalone target not found
Native extension for WebGL target not found
Refreshing native plugins compatible for Editor in 0.65 ms, found 1 plugins.
Preloading 0 native plugins for Editor in 0.00 ms.
Mono: successfully reloaded assembly
- Completed reload, in  1.258 seconds
Platform modules already initialized, skipping
Refreshing native plugins compatible for Editor in 0.90 ms, found 1 plugins.
Preloading 0 native plugins for Editor in 0.00 ms.
Unloading 2667 Unused Serialized files (Serialized files now loaded: 0)
System memory in use before: 119.6 MB.
System memory in use after: 119.8 MB.

Unloading 10 unused Assets to reduce memory usage. Loaded Objects now: 3171.
Total: 3.000200 ms (FindLiveObjects: 0.421500 ms CreateObjectMapping: 0.289400 ms MarkObjects: 2.219400 ms  DeleteObjects: 0.068000 ms)

========================================================================
Received Import Request.
  Time since last request: 22.320139 seconds.
  path: Assets/Scripts/GameManager.cs
  artifactKey: Guid(a0394f3ebd1818e4490219bb2cbe4cc6) Importer(815301076,1909f56bfc062723c751e8b465ee728b)
Start importing Assets/Scripts/GameManager.cs using Guid(a0394f3ebd1818e4490219bb2cbe4cc6) Importer(815301076,1909f56bfc062723c751e8b465ee728b)  -> (artifact id: '967adedcd20094d55a75885a5c769241') in 0.014580 seconds 
========================================================================
Received Prepare
Registering precompiled user dll's ...
Registered in 0.005907 seconds.
Begin MonoManager ReloadAssembly
Native extension for WindowsStandalone target not found
Native extension for WebGL target not found
Refreshing native plugins compatible for Editor in 0.59 ms, found 1 plugins.
Preloading 0 native plugins for Editor in 0.00 ms.
Mono: successfully reloaded assembly
- Completed reload, in  1.244 seconds
Platform modules already initialized, skipping
Refreshing native plugins compatible for Editor in 0.61 ms, found 1 plugins.
Preloading 0 native plugins for Editor in 0.00 ms.
Unloading 2667 Unused Serialized files (Serialized files now loaded: 0)
System memory in use before: 119.6 MB.
System memory in use after: 119.8 MB.

Unloading 10 unused Assets to reduce memory usage. Loaded Objects now: 3174.
Total: 2.697600 ms (FindLiveObjects: 0.311600 ms CreateObjectMapping: 0.176500 ms MarkObjects: 2.113700 ms  DeleteObjects: 0.094700 ms)

========================================================================
Received Prepare
Registering precompiled user dll's ...
Registered in 0.004292 seconds.
Begin MonoManager ReloadAssembly
Native extension for WindowsStandalone target not found
Native extension for WebGL target not found
Refreshing native plugins compatible for Editor in 0.61 ms, found 1 plugins.
Preloading 0 native plugins for Editor in 0.00 ms.
Mono: successfully reloaded assembly
- Completed reload, in  1.260 seconds
Platform modules already initialized, skipping
Refreshing native plugins compatible for Editor in 0.67 ms, found 1 plugins.
Preloading 0 native plugins for Editor in 0.00 ms.
Unloading 2667 Unused Serialized files (Serialized files now loaded: 0)
System memory in use before: 119.6 MB.
System memory in use after: 119.8 MB.

Unloading 10 unused Assets to reduce memory usage. Loaded Objects now: 3177.
Total: 3.731000 ms (FindLiveObjects: 0.398200 ms CreateObjectMapping: 0.338000 ms MarkObjects: 2.920100 ms  DeleteObjects: 0.072500 ms)

========================================================================
Received Import Request.
  Time since last request: 112.014012 seconds.
  path: Assets/Scripts/GameManager.cs
  artifactKey: Guid(a0394f3ebd1818e4490219bb2cbe4cc6) Importer(815301076,1909f56bfc062723c751e8b465ee728b)
Start importing Assets/Scripts/GameManager.cs using Guid(a0394f3ebd1818e4490219bb2cbe4cc6) Importer(815301076,1909f56bfc062723c751e8b465ee728b)  -> (artifact id: '335dca048ddf10a459b760363ce00a94') in 0.010334 seconds 
========================================================================
Received Import Request.
  Time since last request: 246.545428 seconds.
  path: Assets/Scripts/GameManager.cs
  artifactKey: Guid(a0394f3ebd1818e4490219bb2cbe4cc6) Importer(815301076,1909f56bfc062723c751e8b465ee728b)
Start importing Assets/Scripts/GameManager.cs using Guid(a0394f3ebd1818e4490219bb2cbe4cc6) Importer(815301076,1909f56bfc062723c751e8b465ee728b)  -> (artifact id: 'ae92f0796455f2a27179f6a31ce5f544') in 0.005203 seconds 
========================================================================
Received Prepare
Registering precompiled user dll's ...
Registered in 0.004424 seconds.
Begin MonoManager ReloadAssembly
Native extension for WindowsStandalone target not found
Native extension for WebGL target not found
Refreshing native plugins compatible for Editor in 0.65 ms, found 1 plugins.
Preloading 0 native plugins for Editor in 0.00 ms.
Mono: successfully reloaded assembly
- Completed reload, in  1.327 seconds
Platform modules already initialized, skipping
Refreshing native plugins compatible for Editor in 0.77 ms, found 1 plugins.
Preloading 0 native plugins for Editor in 0.00 ms.
Unloading 2667 Unused Serialized files (Serialized files now loaded: 0)
System memory in use before: 119.6 MB.
System memory in use after: 119.8 MB.

Unloading 10 unused Assets to reduce memory usage. Loaded Objects now: 3180.
Total: 3.556800 ms (FindLiveObjects: 0.340400 ms CreateObjectMapping: 0.310200 ms MarkObjects: 2.824000 ms  DeleteObjects: 0.080800 ms)

========================================================================
Received Import Request.
  Time since last request: 411.156757 seconds.
  path: Assets/Scripts/NoramalBehavior/MoveLeft.cs
  artifactKey: Guid(76ffd9be79af84745acef38ac0c71d6a) Importer(815301076,1909f56bfc062723c751e8b465ee728b)
Start importing Assets/Scripts/NoramalBehavior/MoveLeft.cs using Guid(76ffd9be79af84745acef38ac0c71d6a) Importer(815301076,1909f56bfc062723c751e8b465ee728b)  -> (artifact id: 'e0b954bd7a9c92201be7f3da51937708') in 0.018340 seconds 
========================================================================
Received Prepare
Registering precompiled user dll's ...
Registered in 0.004492 seconds.
Begin MonoManager ReloadAssembly
Native extension for WindowsStandalone target not found
Native extension for WebGL target not found
Refreshing native plugins compatible for Editor in 0.69 ms, found 1 plugins.
Preloading 0 native plugins for Editor in 0.00 ms.
Mono: successfully reloaded assembly
- Completed reload, in  1.219 seconds
Platform modules already initialized, skipping
Refreshing native plugins compatible for Editor in 1.01 ms, found 1 plugins.
Preloading 0 native plugins for Editor in 0.00 ms.
Unloading 2667 Unused Serialized files (Serialized files now loaded: 0)
System memory in use before: 119.6 MB.
System memory in use after: 119.8 MB.

Unloading 10 unused Assets to reduce memory usage. Loaded Objects now: 3183.
Total: 2.957000 ms (FindLiveObjects: 0.325400 ms CreateObjectMapping: 0.283100 ms MarkObjects: 2.278800 ms  DeleteObjects: 0.068400 ms)

========================================================================
Received Import Request.
  Time since last request: 18.798173 seconds.
  path: Assets/Scripts/NoramalBehavior/MoveLeft.cs
  artifactKey: Guid(76ffd9be79af84745acef38ac0c71d6a) Importer(815301076,1909f56bfc062723c751e8b465ee728b)
Start importing Assets/Scripts/NoramalBehavior/MoveLeft.cs using Guid(76ffd9be79af84745acef38ac0c71d6a) Importer(815301076,1909f56bfc062723c751e8b465ee728b)  -> (artifact id: 'a3d82e516d58c7c44be1016a686f76ca') in 0.011537 seconds 
========================================================================
Received Prepare
Registering precompiled user dll's ...
Registered in 0.004115 seconds.
Begin MonoManager ReloadAssembly
Native extension for WindowsStandalone target not found
Native extension for WebGL target not found
Refreshing native plugins compatible for Editor in 0.67 ms, found 1 plugins.
Preloading 0 native plugins for Editor in 0.00 ms.
Mono: successfully reloaded assembly
- Completed reload, in  1.240 seconds
Platform modules already initialized, skipping
Refreshing native plugins compatible for Editor in 0.76 ms, found 1 plugins.
Preloading 0 native plugins for Editor in 0.00 ms.
Unloading 2667 Unused Serialized files (Serialized files now loaded: 0)
System memory in use before: 119.6 MB.
System memory in use after: 119.8 MB.

Unloading 10 unused Assets to reduce memory usage. Loaded Objects now: 3186.
Total: 2.380300 ms (FindLiveObjects: 0.231200 ms CreateObjectMapping: 0.131600 ms MarkObjects: 1.934200 ms  DeleteObjects: 0.082100 ms)

========================================================================
Received Prepare
Registering precompiled user dll's ...
Registered in 0.004418 seconds.
Begin MonoManager ReloadAssembly
Native extension for WindowsStandalone target not found
Native extension for WebGL target not found
Refreshing native plugins compatible for Editor in 0.60 ms, found 1 plugins.
Preloading 0 native plugins for Editor in 0.00 ms.
Mono: successfully reloaded assembly
- Completed reload, in  1.198 seconds
Platform modules already initialized, skipping
Refreshing native plugins compatible for Editor in 0.61 ms, found 1 plugins.
Preloading 0 native plugins for Editor in 0.00 ms.
Unloading 2667 Unused Serialized files (Serialized files now loaded: 0)
System memory in use before: 119.6 MB.
System memory in use after: 119.8 MB.

Unloading 10 unused Assets to reduce memory usage. Loaded Objects now: 3189.
Total: 2.634100 ms (FindLiveObjects: 0.253000 ms CreateObjectMapping: 0.144700 ms MarkObjects: 2.149700 ms  DeleteObjects: 0.085900 ms)

========================================================================
Received Prepare
Registering precompiled user dll's ...
Registered in 0.004175 seconds.
Begin MonoManager ReloadAssembly
Native extension for WindowsStandalone target not found
Native extension for WebGL target not found
Refreshing native plugins compatible for Editor in 0.63 ms, found 1 plugins.
Preloading 0 native plugins for Editor in 0.00 ms.
Mono: successfully reloaded assembly
- Completed reload, in  1.219 seconds
Platform modules already initialized, skipping
Refreshing native plugins compatible for Editor in 0.60 ms, found 1 plugins.
Preloading 0 native plugins for Editor in 0.00 ms.
Unloading 2667 Unused Serialized files (Serialized files now loaded: 0)
System memory in use before: 119.7 MB.
System memory in use after: 119.8 MB.

Unloading 10 unused Assets to reduce memory usage. Loaded Objects now: 3192.
Total: 2.956700 ms (FindLiveObjects: 0.312300 ms CreateObjectMapping: 0.146600 ms MarkObjects: 2.370300 ms  DeleteObjects: 0.125900 ms)

========================================================================
Received Prepare
Registering precompiled user dll's ...
Registered in 0.004180 seconds.
Begin MonoManager ReloadAssembly
Native extension for WindowsStandalone target not found
Native extension for WebGL target not found
Refreshing native plugins compatible for Editor in 0.63 ms, found 1 plugins.
Preloading 0 native plugins for Editor in 0.00 ms.
Mono: successfully reloaded assembly
- Completed reload, in  1.365 seconds
Platform modules already initialized, skipping
Refreshing native plugins compatible for Editor in 0.64 ms, found 1 plugins.
Preloading 0 native plugins for Editor in 0.00 ms.
Unloading 2667 Unused Serialized files (Serialized files now loaded: 0)
System memory in use before: 119.7 MB.
System memory in use after: 119.9 MB.

Unloading 10 unused Assets to reduce memory usage. Loaded Objects now: 3195.
Total: 2.903400 ms (FindLiveObjects: 0.284300 ms CreateObjectMapping: 0.261800 ms MarkObjects: 2.254100 ms  DeleteObjects: 0.102200 ms)

========================================================================
Received Import Request.
  Time since last request: 368.345442 seconds.
  path: Assets/Stuffs/_Source_Files/FBX/Animations/SimpleCharacter_5.0.controller
  artifactKey: Guid(1de385df2ff713a41adfcbbb63b8af91) Importer(815301076,1909f56bfc062723c751e8b465ee728b)
Start importing Assets/Stuffs/_Source_Files/FBX/Animations/SimpleCharacter_5.0.controller using Guid(1de385df2ff713a41adfcbbb63b8af91) Importer(815301076,1909f56bfc062723c751e8b465ee728b)  -> (artifact id: 'e2d5ccc5adb61d2dfe3c906c954b5b61') in 0.054126 seconds 
========================================================================
Received Prepare
Registering precompiled user dll's ...
Registered in 0.004238 seconds.
Begin MonoManager ReloadAssembly
Native extension for WindowsStandalone target not found
Native extension for WebGL target not found
Refreshing native plugins compatible for Editor in 0.61 ms, found 1 plugins.
Preloading 0 native plugins for Editor in 0.00 ms.
Mono: successfully reloaded assembly
- Completed reload, in  1.205 seconds
Platform modules already initialized, skipping
Refreshing native plugins compatible for Editor in 0.60 ms, found 1 plugins.
Preloading 0 native plugins for Editor in 0.00 ms.
Unloading 2667 Unused Serialized files (Serialized files now loaded: 0)
System memory in use before: 119.7 MB.
System memory in use after: 119.9 MB.

Unloading 10 unused Assets to reduce memory usage. Loaded Objects now: 3198.
Total: 2.992500 ms (FindLiveObjects: 0.314300 ms CreateObjectMapping: 0.145500 ms MarkObjects: 2.451000 ms  DeleteObjects: 0.080600 ms)

========================================================================
Received Prepare
Registering precompiled user dll's ...
Registered in 0.004867 seconds.
Begin MonoManager ReloadAssembly
Native extension for WindowsStandalone target not found
Native extension for WebGL target not found
Refreshing native plugins compatible for Editor in 0.59 ms, found 1 plugins.
Preloading 0 native plugins for Editor in 0.00 ms.
Mono: successfully reloaded assembly
- Completed reload, in  1.225 seconds
Platform modules already initialized, skipping
Refreshing native plugins compatible for Editor in 0.65 ms, found 1 plugins.
Preloading 0 native plugins for Editor in 0.00 ms.
Unloading 2667 Unused Serialized files (Serialized files now loaded: 0)
System memory in use before: 119.7 MB.
System memory in use after: 119.9 MB.

Unloading 10 unused Assets to reduce memory usage. Loaded Objects now: 3201.
Total: 2.657900 ms (FindLiveObjects: 0.249800 ms CreateObjectMapping: 0.139400 ms MarkObjects: 2.178900 ms  DeleteObjects: 0.088800 ms)

========================================================================
Received Prepare
Registering precompiled user dll's ...
Registered in 0.004120 seconds.
Begin MonoManager ReloadAssembly
Native extension for WindowsStandalone target not found
Native extension for WebGL target not found
Refreshing native plugins compatible for Editor in 0.61 ms, found 1 plugins.
Preloading 0 native plugins for Editor in 0.00 ms.
Mono: successfully reloaded assembly
- Completed reload, in  1.274 seconds
Platform modules already initialized, skipping
Refreshing native plugins compatible for Editor in 0.93 ms, found 1 plugins.
Preloading 0 native plugins for Editor in 0.00 ms.
Unloading 2667 Unused Serialized files (Serialized files now loaded: 0)
System memory in use before: 119.7 MB.
System memory in use after: 119.9 MB.

Unloading 10 unused Assets to reduce memory usage. Loaded Objects now: 3204.
Total: 2.547100 ms (FindLiveObjects: 0.315400 ms CreateObjectMapping: 0.147600 ms MarkObjects: 2.015400 ms  DeleteObjects: 0.067600 ms)

========================================================================
Received Prepare
Registering precompiled user dll's ...
Registered in 0.004537 seconds.
Begin MonoManager ReloadAssembly
Native extension for WindowsStandalone target not found
Native extension for WebGL target not found
Refreshing native plugins compatible for Editor in 0.64 ms, found 1 plugins.
Preloading 0 native plugins for Editor in 0.00 ms.
Mono: successfully reloaded assembly
- Completed reload, in  1.239 seconds
Platform modules already initialized, skipping
Refreshing native plugins compatible for Editor in 0.62 ms, found 1 plugins.
Preloading 0 native plugins for Editor in 0.00 ms.
Unloading 2667 Unused Serialized files (Serialized files now loaded: 0)
System memory in use before: 119.7 MB.
System memory in use after: 119.9 MB.

Unloading 10 unused Assets to reduce memory usage. Loaded Objects now: 3207.
Total: 2.676000 ms (FindLiveObjects: 0.238100 ms CreateObjectMapping: 0.140600 ms MarkObjects: 2.164600 ms  DeleteObjects: 0.131700 ms)

========================================================================
Received Prepare
Registering precompiled user dll's ...
Registered in 0.005062 seconds.
Begin MonoManager ReloadAssembly
Native extension for WindowsStandalone target not found
Native extension for WebGL target not found
Refreshing native plugins compatible for Editor in 0.67 ms, found 1 plugins.
Preloading 0 native plugins for Editor in 0.00 ms.
Mono: successfully reloaded assembly
- Completed reload, in  1.267 seconds
Platform modules already initialized, skipping
Refreshing native plugins compatible for Editor in 0.60 ms, found 1 plugins.
Preloading 0 native plugins for Editor in 0.00 ms.
Unloading 2667 Unused Serialized files (Serialized files now loaded: 0)
System memory in use before: 119.7 MB.
System memory in use after: 119.9 MB.

Unloading 10 unused Assets to reduce memory usage. Loaded Objects now: 3210.
Total: 2.740400 ms (FindLiveObjects: 0.307900 ms CreateObjectMapping: 0.132300 ms MarkObjects: 2.199600 ms  DeleteObjects: 0.099300 ms)

========================================================================
Received Import Request.
  Time since last request: 706.621853 seconds.
  path: Assets/Prefabs/Obstacles/Obstacle5.prefab
  artifactKey: Guid(33fce339b8275594fa5521362d24a81f) Importer(815301076,1909f56bfc062723c751e8b465ee728b)
Start importing Assets/Prefabs/Obstacles/Obstacle5.prefab using Guid(33fce339b8275594fa5521362d24a81f) Importer(815301076,1909f56bfc062723c751e8b465ee728b)  -> (artifact id: '82a75120d03c55d68ed2fee36757c049') in 0.086046 seconds 
========================================================================
Received Import Request.
  Time since last request: 25.810534 seconds.
  path: Assets/Prefabs/Obstacles/Obstacle5.prefab
  artifactKey: Guid(33fce339b8275594fa5521362d24a81f) Importer(815301076,1909f56bfc062723c751e8b465ee728b)
Start importing Assets/Prefabs/Obstacles/Obstacle5.prefab using Guid(33fce339b8275594fa5521362d24a81f) Importer(815301076,1909f56bfc062723c751e8b465ee728b)  -> (artifact id: '9f00395fdff8f84366d8599ae17502ee') in 0.054779 seconds 
========================================================================
Received Import Request.
  Time since last request: 16.761206 seconds.
  path: Assets/Prefabs/Obstacles/Obstacle5.prefab
  artifactKey: Guid(33fce339b8275594fa5521362d24a81f) Importer(815301076,1909f56bfc062723c751e8b465ee728b)
Start importing Assets/Prefabs/Obstacles/Obstacle5.prefab using Guid(33fce339b8275594fa5521362d24a81f) Importer(815301076,1909f56bfc062723c751e8b465ee728b)  -> (artifact id: '41114c6b5eff41eedf6ab1adaaf7287d') in 0.052137 seconds 
========================================================================
Received Import Request.
  Time since last request: 47.138034 seconds.
  path: Assets/Prefabs/Obstacles/Obstacle5.prefab
  artifactKey: Guid(33fce339b8275594fa5521362d24a81f) Importer(815301076,1909f56bfc062723c751e8b465ee728b)
Start importing Assets/Prefabs/Obstacles/Obstacle5.prefab using Guid(33fce339b8275594fa5521362d24a81f) Importer(815301076,1909f56bfc062723c751e8b465ee728b)  -> (artifact id: '91ea14986e848a829e8bf2efd33a7834') in 0.053700 seconds 
========================================================================
Received Import Request.
  Time since last request: 59.318533 seconds.
  path: Assets/Prefabs/Obstacles/Obstacle5.prefab
  artifactKey: Guid(33fce339b8275594fa5521362d24a81f) Importer(815301076,1909f56bfc062723c751e8b465ee728b)
Start importing Assets/Prefabs/Obstacles/Obstacle5.prefab using Guid(33fce339b8275594fa5521362d24a81f) Importer(815301076,1909f56bfc062723c751e8b465ee728b)  -> (artifact id: '9fdb250eb3a59739be0fff3cb1cd2b60') in 0.029767 seconds 
========================================================================
Received Prepare
Registering precompiled user dll's ...
Registered in 0.005067 seconds.
Begin MonoManager ReloadAssembly
Native extension for WindowsStandalone target not found
Native extension for WebGL target not found
Refreshing native plugins compatible for Editor in 0.60 ms, found 1 plugins.
Preloading 0 native plugins for Editor in 0.00 ms.
Mono: successfully reloaded assembly
- Completed reload, in  1.405 seconds
Platform modules already initialized, skipping
Refreshing native plugins compatible for Editor in 0.61 ms, found 1 plugins.
Preloading 0 native plugins for Editor in 0.00 ms.
Unloading 2667 Unused Serialized files (Serialized files now loaded: 0)
System memory in use before: 119.7 MB.
System memory in use after: 119.9 MB.

Unloading 10 unused Assets to reduce memory usage. Loaded Objects now: 3214.
Total: 2.731500 ms (FindLiveObjects: 0.234400 ms CreateObjectMapping: 0.130800 ms MarkObjects: 2.260100 ms  DeleteObjects: 0.104800 ms)

========================================================================
Received Import Request.
  Time since last request: 180.145871 seconds.
  path: Assets/Prefabs/Obstacles/Obstacle5.prefab
  artifactKey: Guid(33fce339b8275594fa5521362d24a81f) Importer(815301076,1909f56bfc062723c751e8b465ee728b)
Start importing Assets/Prefabs/Obstacles/Obstacle5.prefab using Guid(33fce339b8275594fa5521362d24a81f) Importer(815301076,1909f56bfc062723c751e8b465ee728b)  -> (artifact id: 'e7dcde9d1b47b2afa8dc3241a31c2365') in 0.078697 seconds 
========================================================================
Received Prepare
Registering precompiled user dll's ...
Registered in 0.004455 seconds.
Begin MonoManager ReloadAssembly
Native extension for WindowsStandalone target not found
Native extension for WebGL target not found
Refreshing native plugins compatible for Editor in 0.62 ms, found 1 plugins.
Preloading 0 native plugins for Editor in 0.00 ms.
Mono: successfully reloaded assembly
- Completed reload, in  1.307 seconds
Platform modules already initialized, skipping
Refreshing native plugins compatible for Editor in 0.60 ms, found 1 plugins.
Preloading 0 native plugins for Editor in 0.00 ms.
Unloading 2667 Unused Serialized files (Serialized files now loaded: 0)
System memory in use before: 119.7 MB.
System memory in use after: 119.9 MB.

Unloading 10 unused Assets to reduce memory usage. Loaded Objects now: 3218.
Total: 2.679200 ms (FindLiveObjects: 0.279200 ms CreateObjectMapping: 0.139500 ms MarkObjects: 2.162600 ms  DeleteObjects: 0.097100 ms)

========================================================================
Received Prepare
Registering precompiled user dll's ...
Registered in 0.005612 seconds.
Begin MonoManager ReloadAssembly
Native extension for WindowsStandalone target not found
Native extension for WebGL target not found
Refreshing native plugins compatible for Editor in 0.58 ms, found 1 plugins.
Preloading 0 native plugins for Editor in 0.00 ms.
Mono: successfully reloaded assembly
- Completed reload, in  1.305 seconds
Platform modules already initialized, skipping
Refreshing native plugins compatible for Editor in 0.72 ms, found 1 plugins.
Preloading 0 native plugins for Editor in 0.00 ms.
Unloading 2667 Unused Serialized files (Serialized files now loaded: 0)
System memory in use before: 119.7 MB.
System memory in use after: 119.9 MB.

Unloading 10 unused Assets to reduce memory usage. Loaded Objects now: 3221.
Total: 2.901600 ms (FindLiveObjects: 0.251100 ms CreateObjectMapping: 0.226500 ms MarkObjects: 2.338000 ms  DeleteObjects: 0.085000 ms)

========================================================================
Received Import Request.
  Time since last request: 182.005167 seconds.
  path: Assets/Prefabs/Obstacles/Obstacle5.prefab
  artifactKey: Guid(33fce339b8275594fa5521362d24a81f) Importer(815301076,1909f56bfc062723c751e8b465ee728b)
Start importing Assets/Prefabs/Obstacles/Obstacle5.prefab using Guid(33fce339b8275594fa5521362d24a81f) Importer(815301076,1909f56bfc062723c751e8b465ee728b)  -> (artifact id: '81f2188f3d1c01b106fb57b82c78661d') in 0.086466 seconds 
========================================================================
Received Prepare
Registering precompiled user dll's ...
Registered in 0.004351 seconds.
Begin MonoManager ReloadAssembly
Native extension for WindowsStandalone target not found
Native extension for WebGL target not found
Refreshing native plugins compatible for Editor in 0.61 ms, found 1 plugins.
Preloading 0 native plugins for Editor in 0.00 ms.
Mono: successfully reloaded assembly
- Completed reload, in  1.461 seconds
Platform modules already initialized, skipping
Refreshing native plugins compatible for Editor in 0.60 ms, found 1 plugins.
Preloading 0 native plugins for Editor in 0.00 ms.
Unloading 2667 Unused Serialized files (Serialized files now loaded: 0)
System memory in use before: 119.8 MB.
System memory in use after: 119.9 MB.

Unloading 10 unused Assets to reduce memory usage. Loaded Objects now: 3225.
Total: 2.696500 ms (FindLiveObjects: 0.310900 ms CreateObjectMapping: 0.132000 ms MarkObjects: 2.149400 ms  DeleteObjects: 0.103000 ms)

========================================================================
Received Import Request.
  Time since last request: 54.308288 seconds.
  path: Assets/Prefabs/Obstacles/Obstacle5.prefab
  artifactKey: Guid(33fce339b8275594fa5521362d24a81f) Importer(815301076,1909f56bfc062723c751e8b465ee728b)
Start importing Assets/Prefabs/Obstacles/Obstacle5.prefab using Guid(33fce339b8275594fa5521362d24a81f) Importer(815301076,1909f56bfc062723c751e8b465ee728b)  -> (artifact id: '677b555f03de268b9189e8ac2b2dfad7') in 0.079811 seconds 
========================================================================
Received Import Request.
  Time since last request: 0.236633 seconds.
  path: Assets/Prefabs/Obstacles/Obstacle5.prefab
  artifactKey: Guid(33fce339b8275594fa5521362d24a81f) Importer(815301076,1909f56bfc062723c751e8b465ee728b)
Start importing Assets/Prefabs/Obstacles/Obstacle5.prefab using Guid(33fce339b8275594fa5521362d24a81f) Importer(815301076,1909f56bfc062723c751e8b465ee728b)  -> (artifact id: '7418ea5f32a51f55a8c92eda005abbc5') in 0.019369 seconds 
========================================================================
Received Prepare
Registering precompiled user dll's ...
Registered in 0.006656 seconds.
Begin MonoManager ReloadAssembly
Native extension for WindowsStandalone target not found
Native extension for WebGL target not found
Refreshing native plugins compatible for Editor in 0.64 ms, found 1 plugins.
Preloading 0 native plugins for Editor in 0.00 ms.
Mono: successfully reloaded assembly
- Completed reload, in  1.292 seconds
Platform modules already initialized, skipping
Refreshing native plugins compatible for Editor in 0.66 ms, found 1 plugins.
Preloading 0 native plugins for Editor in 0.00 ms.
Unloading 2667 Unused Serialized files (Serialized files now loaded: 0)
System memory in use before: 119.8 MB.
System memory in use after: 120.0 MB.

Unloading 10 unused Assets to reduce memory usage. Loaded Objects now: 3229.
Total: 2.721500 ms (FindLiveObjects: 0.311200 ms CreateObjectMapping: 0.140000 ms MarkObjects: 2.171400 ms  DeleteObjects: 0.097700 ms)

========================================================================
Received Import Request.
  Time since last request: 198.686625 seconds.
  path: Assets/Prefabs/Obstacles/Obstacle5.prefab
  artifactKey: Guid(33fce339b8275594fa5521362d24a81f) Importer(815301076,1909f56bfc062723c751e8b465ee728b)
Start importing Assets/Prefabs/Obstacles/Obstacle5.prefab using Guid(33fce339b8275594fa5521362d24a81f) Importer(815301076,1909f56bfc062723c751e8b465ee728b)  -> (artifact id: '76c1bf12502df6ecd25bd95b302da009') in 0.080745 seconds 
========================================================================
Received Import Request.
  Time since last request: 7.400197 seconds.
  path: Assets/Prefabs/Obstacles/Obstacle5.prefab
  artifactKey: Guid(33fce339b8275594fa5521362d24a81f) Importer(815301076,1909f56bfc062723c751e8b465ee728b)
Start importing Assets/Prefabs/Obstacles/Obstacle5.prefab using Guid(33fce339b8275594fa5521362d24a81f) Importer(815301076,1909f56bfc062723c751e8b465ee728b)  -> (artifact id: '23c45197bf896681db0ea145401d970d') in 0.027602 seconds 
========================================================================
Received Import Request.
  Time since last request: 7.068540 seconds.
  path: Assets/Prefabs/Obstacles/Obstacle5.prefab
  artifactKey: Guid(33fce339b8275594fa5521362d24a81f) Importer(815301076,1909f56bfc062723c751e8b465ee728b)
Start importing Assets/Prefabs/Obstacles/Obstacle5.prefab using Guid(33fce339b8275594fa5521362d24a81f) Importer(815301076,1909f56bfc062723c751e8b465ee728b)  -> (artifact id: '4de349e240434edb3e3ec3333de53c07') in 0.024655 seconds 
========================================================================
Received Import Request.
  Time since last request: 13.103110 seconds.
  path: Assets/Prefabs/Obstacles/Obstacle5.prefab
  artifactKey: Guid(33fce339b8275594fa5521362d24a81f) Importer(815301076,1909f56bfc062723c751e8b465ee728b)
Start importing Assets/Prefabs/Obstacles/Obstacle5.prefab using Guid(33fce339b8275594fa5521362d24a81f) Importer(815301076,1909f56bfc062723c751e8b465ee728b)  -> (artifact id: 'ed9a3e2312fc031520c145daa63c1ab0') in 0.025046 seconds 
========================================================================
Received Import Request.
  Time since last request: 12.935630 seconds.
  path: Assets/Prefabs/Obstacles/Obstacle5.prefab
  artifactKey: Guid(33fce339b8275594fa5521362d24a81f) Importer(815301076,1909f56bfc062723c751e8b465ee728b)
Start importing Assets/Prefabs/Obstacles/Obstacle5.prefab using Guid(33fce339b8275594fa5521362d24a81f) Importer(815301076,1909f56bfc062723c751e8b465ee728b)  -> (artifact id: '3f4289df149d4895a446094943d40bf3') in 0.019456 seconds 
========================================================================
Received Prepare
Registering precompiled user dll's ...
Registered in 0.005904 seconds.
Begin MonoManager ReloadAssembly
Native extension for WindowsStandalone target not found
Native extension for WebGL target not found
Refreshing native plugins compatible for Editor in 0.62 ms, found 1 plugins.
Preloading 0 native plugins for Editor in 0.00 ms.
Mono: successfully reloaded assembly
- Completed reload, in  1.679 seconds
Platform modules already initialized, skipping
Refreshing native plugins compatible for Editor in 1.05 ms, found 1 plugins.
Preloading 0 native plugins for Editor in 0.00 ms.
Unloading 2667 Unused Serialized files (Serialized files now loaded: 0)
System memory in use before: 119.8 MB.
System memory in use after: 120.0 MB.

Unloading 10 unused Assets to reduce memory usage. Loaded Objects now: 3233.
Total: 4.691500 ms (FindLiveObjects: 0.650500 ms CreateObjectMapping: 0.254800 ms MarkObjects: 3.691600 ms  DeleteObjects: 0.092000 ms)

========================================================================
Received Import Request.
  Time since last request: 91.618858 seconds.
  path: Assets/Prefabs/Obstacles/Obstacle5.prefab
  artifactKey: Guid(33fce339b8275594fa5521362d24a81f) Importer(815301076,1909f56bfc062723c751e8b465ee728b)
Start importing Assets/Prefabs/Obstacles/Obstacle5.prefab using Guid(33fce339b8275594fa5521362d24a81f) Importer(815301076,1909f56bfc062723c751e8b465ee728b)  -> (artifact id: '260183ea419c7d410863490c3860666d') in 0.087057 seconds 
========================================================================
Received Prepare
Registering precompiled user dll's ...
Registered in 0.004989 seconds.
Begin MonoManager ReloadAssembly
Native extension for WindowsStandalone target not found
Native extension for WebGL target not found
Refreshing native plugins compatible for Editor in 0.78 ms, found 1 plugins.
Preloading 0 native plugins for Editor in 0.00 ms.
Mono: successfully reloaded assembly
- Completed reload, in  1.691 seconds
Platform modules already initialized, skipping
Refreshing native plugins compatible for Editor in 0.66 ms, found 1 plugins.
Preloading 0 native plugins for Editor in 0.00 ms.
Unloading 2667 Unused Serialized files (Serialized files now loaded: 0)
System memory in use before: 119.8 MB.
System memory in use after: 120.0 MB.

Unloading 10 unused Assets to reduce memory usage. Loaded Objects now: 3237.
Total: 3.116200 ms (FindLiveObjects: 0.293400 ms CreateObjectMapping: 0.196000 ms MarkObjects: 2.521200 ms  DeleteObjects: 0.104500 ms)

========================================================================
Received Import Request.
  Time since last request: 119.844491 seconds.
  path: Assets/Prefabs/Obstacles/Obstacle5.prefab
  artifactKey: Guid(33fce339b8275594fa5521362d24a81f) Importer(815301076,1909f56bfc062723c751e8b465ee728b)
Start importing Assets/Prefabs/Obstacles/Obstacle5.prefab using Guid(33fce339b8275594fa5521362d24a81f) Importer(815301076,1909f56bfc062723c751e8b465ee728b)  -> (artifact id: '2cf4690f2935d9c5524c672f7078010d') in 0.110455 seconds 
========================================================================
Received Prepare
Registering precompiled user dll's ...
Registered in 0.004112 seconds.
Begin MonoManager ReloadAssembly
Native extension for WindowsStandalone target not found
Native extension for WebGL target not found
Refreshing native plugins compatible for Editor in 0.62 ms, found 1 plugins.
Preloading 0 native plugins for Editor in 0.00 ms.
Mono: successfully reloaded assembly
- Completed reload, in  1.261 seconds
Platform modules already initialized, skipping
Refreshing native plugins compatible for Editor in 0.62 ms, found 1 plugins.
Preloading 0 native plugins for Editor in 0.00 ms.
Unloading 2667 Unused Serialized files (Serialized files now loaded: 0)
System memory in use before: 119.8 MB.
System memory in use after: 120.0 MB.

Unloading 10 unused Assets to reduce memory usage. Loaded Objects now: 3241.
Total: 2.403300 ms (FindLiveObjects: 0.249600 ms CreateObjectMapping: 0.139200 ms MarkObjects: 1.935700 ms  DeleteObjects: 0.077900 ms)

========================================================================
Received Prepare
Registering precompiled user dll's ...
Registered in 0.004258 seconds.
Begin MonoManager ReloadAssembly
Native extension for WindowsStandalone target not found
Native extension for WebGL target not found
Refreshing native plugins compatible for Editor in 0.68 ms, found 1 plugins.
Preloading 0 native plugins for Editor in 0.00 ms.
Mono: successfully reloaded assembly
- Completed reload, in  1.314 seconds
Platform modules already initialized, skipping
Refreshing native plugins compatible for Editor in 0.59 ms, found 1 plugins.
Preloading 0 native plugins for Editor in 0.00 ms.
Unloading 2667 Unused Serialized files (Serialized files now loaded: 0)
System memory in use before: 119.8 MB.
System memory in use after: 120.0 MB.

Unloading 10 unused Assets to reduce memory usage. Loaded Objects now: 3244.
Total: 2.946500 ms (FindLiveObjects: 0.327400 ms CreateObjectMapping: 0.296700 ms MarkObjects: 2.244100 ms  DeleteObjects: 0.076800 ms)

========================================================================
Received Prepare
Registering precompiled user dll's ...
Registered in 0.004275 seconds.
Begin MonoManager ReloadAssembly
Native extension for WindowsStandalone target not found
Native extension for WebGL target not found
Refreshing native plugins compatible for Editor in 0.60 ms, found 1 plugins.
Preloading 0 native plugins for Editor in 0.00 ms.
Mono: successfully reloaded assembly
- Completed reload, in  1.219 seconds
Platform modules already initialized, skipping
Refreshing native plugins compatible for Editor in 0.74 ms, found 1 plugins.
Preloading 0 native plugins for Editor in 0.00 ms.
Unloading 2667 Unused Serialized files (Serialized files now loaded: 0)
System memory in use before: 119.8 MB.
System memory in use after: 120.0 MB.

Unloading 10 unused Assets to reduce memory usage. Loaded Objects now: 3247.
Total: 2.813100 ms (FindLiveObjects: 0.275500 ms CreateObjectMapping: 0.153800 ms MarkObjects: 2.310800 ms  DeleteObjects: 0.072100 ms)

========================================================================
Received Prepare
Registering precompiled user dll's ...
Registered in 0.004287 seconds.
Begin MonoManager ReloadAssembly
Native extension for WindowsStandalone target not found
Native extension for WebGL target not found
Refreshing native plugins compatible for Editor in 0.62 ms, found 1 plugins.
Preloading 0 native plugins for Editor in 0.00 ms.
Mono: successfully reloaded assembly
- Completed reload, in  1.238 seconds
Platform modules already initialized, skipping
Refreshing native plugins compatible for Editor in 0.61 ms, found 1 plugins.
Preloading 0 native plugins for Editor in 0.00 ms.
Unloading 2667 Unused Serialized files (Serialized files now loaded: 0)
System memory in use before: 119.8 MB.
System memory in use after: 120.0 MB.

Unloading 10 unused Assets to reduce memory usage. Loaded Objects now: 3250.
Total: 2.973800 ms (FindLiveObjects: 0.253600 ms CreateObjectMapping: 0.139800 ms MarkObjects: 2.489500 ms  DeleteObjects: 0.089900 ms)

========================================================================
Received Prepare
Registering precompiled user dll's ...
Registered in 0.004209 seconds.
Begin MonoManager ReloadAssembly
Native extension for WindowsStandalone target not found
Native extension for WebGL target not found
Refreshing native plugins compatible for Editor in 0.67 ms, found 1 plugins.
Preloading 0 native plugins for Editor in 0.00 ms.
Mono: successfully reloaded assembly
- Completed reload, in  1.244 seconds
Platform modules already initialized, skipping
Refreshing native plugins compatible for Editor in 0.64 ms, found 1 plugins.
Preloading 0 native plugins for Editor in 0.00 ms.
Unloading 2667 Unused Serialized files (Serialized files now loaded: 0)
System memory in use before: 119.8 MB.
System memory in use after: 120.0 MB.

Unloading 10 unused Assets to reduce memory usage. Loaded Objects now: 3253.
Total: 2.927900 ms (FindLiveObjects: 0.265400 ms CreateObjectMapping: 0.148300 ms MarkObjects: 2.348800 ms  DeleteObjects: 0.164100 ms)

========================================================================
Received Prepare
Registering precompiled user dll's ...
Registered in 0.004420 seconds.
Begin MonoManager ReloadAssembly
Native extension for WindowsStandalone target not found
Native extension for WebGL target not found
Refreshing native plugins compatible for Editor in 0.62 ms, found 1 plugins.
Preloading 0 native plugins for Editor in 0.00 ms.
Mono: successfully reloaded assembly
- Completed reload, in  1.278 seconds
Platform modules already initialized, skipping
Refreshing native plugins compatible for Editor in 0.63 ms, found 1 plugins.
Preloading 0 native plugins for Editor in 0.00 ms.
Unloading 2667 Unused Serialized files (Serialized files now loaded: 0)
System memory in use before: 119.9 MB.
System memory in use after: 120.0 MB.

Unloading 10 unused Assets to reduce memory usage. Loaded Objects now: 3256.
Total: 3.338800 ms (FindLiveObjects: 0.373800 ms CreateObjectMapping: 0.277000 ms MarkObjects: 2.605400 ms  DeleteObjects: 0.081500 ms)

========================================================================
Received Prepare
Registering precompiled user dll's ...
Registered in 0.004315 seconds.
Begin MonoManager ReloadAssembly
Native extension for WindowsStandalone target not found
Native extension for WebGL target not found
Refreshing native plugins compatible for Editor in 0.63 ms, found 1 plugins.
Preloading 0 native plugins for Editor in 0.00 ms.
Mono: successfully reloaded assembly
- Completed reload, in  1.289 seconds
Platform modules already initialized, skipping
Refreshing native plugins compatible for Editor in 0.68 ms, found 1 plugins.
Preloading 0 native plugins for Editor in 0.00 ms.
Unloading 2667 Unused Serialized files (Serialized files now loaded: 0)
System memory in use before: 119.9 MB.
System memory in use after: 120.1 MB.

Unloading 10 unused Assets to reduce memory usage. Loaded Objects now: 3259.
Total: 3.118800 ms (FindLiveObjects: 0.320500 ms CreateObjectMapping: 0.311800 ms MarkObjects: 2.416000 ms  DeleteObjects: 0.069100 ms)

========================================================================
Received Prepare
Registering precompiled user dll's ...
Registered in 0.005047 seconds.
Begin MonoManager ReloadAssembly
Native extension for WindowsStandalone target not found
Native extension for WebGL target not found
Refreshing native plugins compatible for Editor in 0.62 ms, found 1 plugins.
Preloading 0 native plugins for Editor in 0.00 ms.
Mono: successfully reloaded assembly
- Completed reload, in  1.249 seconds
Platform modules already initialized, skipping
Refreshing native plugins compatible for Editor in 0.62 ms, found 1 plugins.
Preloading 0 native plugins for Editor in 0.00 ms.
Unloading 2667 Unused Serialized files (Serialized files now loaded: 0)
System memory in use before: 119.9 MB.
System memory in use after: 120.1 MB.

Unloading 10 unused Assets to reduce memory usage. Loaded Objects now: 3262.
Total: 3.324800 ms (FindLiveObjects: 0.388600 ms CreateObjectMapping: 0.280900 ms MarkObjects: 2.583600 ms  DeleteObjects: 0.070600 ms)

========================================================================
Received Prepare
Registering precompiled user dll's ...
Registered in 0.009377 seconds.
Begin MonoManager ReloadAssembly
Native extension for WindowsStandalone target not found
Native extension for WebGL target not found
Refreshing native plugins compatible for Editor in 0.64 ms, found 1 plugins.
Preloading 0 native plugins for Editor in 0.00 ms.
Mono: successfully reloaded assembly
- Completed reload, in  1.312 seconds
Platform modules already initialized, skipping
Refreshing native plugins compatible for Editor in 0.68 ms, found 1 plugins.
Preloading 0 native plugins for Editor in 0.00 ms.
Unloading 2667 Unused Serialized files (Serialized files now loaded: 0)
System memory in use before: 119.9 MB.
System memory in use after: 120.1 MB.

Unloading 10 unused Assets to reduce memory usage. Loaded Objects now: 3265.
Total: 3.036400 ms (FindLiveObjects: 0.299300 ms CreateObjectMapping: 0.132600 ms MarkObjects: 2.499600 ms  DeleteObjects: 0.104200 ms)

========================================================================
Received Prepare
Registering precompiled user dll's ...
Registered in 0.004283 seconds.
Begin MonoManager ReloadAssembly
Native extension for WindowsStandalone target not found
Native extension for WebGL target not found
Refreshing native plugins compatible for Editor in 0.59 ms, found 1 plugins.
Preloading 0 native plugins for Editor in 0.00 ms.
Mono: successfully reloaded assembly
- Completed reload, in  1.241 seconds
Platform modules already initialized, skipping
Refreshing native plugins compatible for Editor in 1.04 ms, found 1 plugins.
Preloading 0 native plugins for Editor in 0.00 ms.
Unloading 2667 Unused Serialized files (Serialized files now loaded: 0)
System memory in use before: 119.9 MB.
System memory in use after: 120.1 MB.

Unloading 10 unused Assets to reduce memory usage. Loaded Objects now: 3268.
Total: 3.574700 ms (FindLiveObjects: 0.378200 ms CreateObjectMapping: 0.329900 ms MarkObjects: 2.794500 ms  DeleteObjects: 0.070400 ms)

========================================================================
Received Prepare
Registering precompiled user dll's ...
Registered in 0.004360 seconds.
Begin MonoManager ReloadAssembly
Native extension for WindowsStandalone target not found
Native extension for WebGL target not found
Refreshing native plugins compatible for Editor in 0.63 ms, found 1 plugins.
Preloading 0 native plugins for Editor in 0.00 ms.
Mono: successfully reloaded assembly
- Completed reload, in  1.207 seconds
Platform modules already initialized, skipping
Refreshing native plugins compatible for Editor in 0.65 ms, found 1 plugins.
Preloading 0 native plugins for Editor in 0.00 ms.
Unloading 2667 Unused Serialized files (Serialized files now loaded: 0)
System memory in use before: 119.9 MB.
System memory in use after: 120.1 MB.

Unloading 10 unused Assets to reduce memory usage. Loaded Objects now: 3271.
Total: 3.378900 ms (FindLiveObjects: 0.435400 ms CreateObjectMapping: 0.293200 ms MarkObjects: 2.575200 ms  DeleteObjects: 0.073500 ms)

========================================================================
Received Prepare
Registering precompiled user dll's ...
Registered in 0.004463 seconds.
Begin MonoManager ReloadAssembly
Native extension for WindowsStandalone target not found
Native extension for WebGL target not found
Refreshing native plugins compatible for Editor in 0.69 ms, found 1 plugins.
Preloading 0 native plugins for Editor in 0.00 ms.
Mono: successfully reloaded assembly
- Completed reload, in  1.235 seconds
Platform modules already initialized, skipping
Refreshing native plugins compatible for Editor in 1.03 ms, found 1 plugins.
Preloading 0 native plugins for Editor in 0.00 ms.
Unloading 2667 Unused Serialized files (Serialized files now loaded: 0)
System memory in use before: 119.9 MB.
System memory in use after: 120.1 MB.

Unloading 10 unused Assets to reduce memory usage. Loaded Objects now: 3274.
Total: 3.295400 ms (FindLiveObjects: 0.330000 ms CreateObjectMapping: 0.167400 ms MarkObjects: 2.722000 ms  DeleteObjects: 0.074200 ms)

========================================================================
Received Prepare
Registering precompiled user dll's ...
Registered in 0.005332 seconds.
Begin MonoManager ReloadAssembly
Native extension for WindowsStandalone target not found
Native extension for WebGL target not found
Refreshing native plugins compatible for Editor in 2.00 ms, found 1 plugins.
Preloading 0 native plugins for Editor in 0.00 ms.
Mono: successfully reloaded assembly
- Completed reload, in  1.452 seconds
Platform modules already initialized, skipping
Refreshing native plugins compatible for Editor in 0.61 ms, found 1 plugins.
Preloading 0 native plugins for Editor in 0.00 ms.
Unloading 2667 Unused Serialized files (Serialized files now loaded: 0)
System memory in use before: 119.9 MB.
System memory in use after: 120.1 MB.

Unloading 10 unused Assets to reduce memory usage. Loaded Objects now: 3277.
Total: 3.150300 ms (FindLiveObjects: 0.268800 ms CreateObjectMapping: 0.157500 ms MarkObjects: 2.626100 ms  DeleteObjects: 0.096000 ms)

========================================================================
Received Prepare
Registering precompiled user dll's ...
Registered in 0.005814 seconds.
Begin MonoManager ReloadAssembly
Native extension for WindowsStandalone target not found
Native extension for WebGL target not found
Refreshing native plugins compatible for Editor in 0.77 ms, found 1 plugins.
Preloading 0 native plugins for Editor in 0.00 ms.
Mono: successfully reloaded assembly
- Completed reload, in  1.623 seconds
Platform modules already initialized, skipping
Refreshing native plugins compatible for Editor in 0.94 ms, found 1 plugins.
Preloading 0 native plugins for Editor in 0.00 ms.
Unloading 2667 Unused Serialized files (Serialized files now loaded: 0)
System memory in use before: 119.9 MB.
System memory in use after: 120.1 MB.

Unloading 10 unused Assets to reduce memory usage. Loaded Objects now: 3280.
Total: 3.393800 ms (FindLiveObjects: 0.388100 ms CreateObjectMapping: 0.316500 ms MarkObjects: 2.617600 ms  DeleteObjects: 0.069900 ms)

========================================================================
Received Prepare
Registering precompiled user dll's ...
Registered in 0.004174 seconds.
Begin MonoManager ReloadAssembly
Native extension for WindowsStandalone target not found
Native extension for WebGL target not found
Refreshing native plugins compatible for Editor in 0.61 ms, found 1 plugins.
Preloading 0 native plugins for Editor in 0.00 ms.
Mono: successfully reloaded assembly
- Completed reload, in  1.493 seconds
Platform modules already initialized, skipping
Refreshing native plugins compatible for Editor in 0.60 ms, found 1 plugins.
Preloading 0 native plugins for Editor in 0.00 ms.
Unloading 2667 Unused Serialized files (Serialized files now loaded: 0)
System memory in use before: 119.9 MB.
System memory in use after: 120.1 MB.

Unloading 10 unused Assets to reduce memory usage. Loaded Objects now: 3283.
Total: 2.610700 ms (FindLiveObjects: 0.325000 ms CreateObjectMapping: 0.246200 ms MarkObjects: 1.936600 ms  DeleteObjects: 0.101600 ms)

========================================================================
Received Prepare
Registering precompiled user dll's ...
Registered in 0.004338 seconds.
Begin MonoManager ReloadAssembly
Native extension for WindowsStandalone target not found
Native extension for WebGL target not found
Refreshing native plugins compatible for Editor in 1.01 ms, found 1 plugins.
Preloading 0 native plugins for Editor in 0.00 ms.
Mono: successfully reloaded assembly
- Completed reload, in  1.260 seconds
Platform modules already initialized, skipping
Refreshing native plugins compatible for Editor in 0.66 ms, found 1 plugins.
Preloading 0 native plugins for Editor in 0.00 ms.
Unloading 2667 Unused Serialized files (Serialized files now loaded: 0)
System memory in use before: 119.9 MB.
System memory in use after: 120.1 MB.

Unloading 10 unused Assets to reduce memory usage. Loaded Objects now: 3286.
Total: 2.896000 ms (FindLiveObjects: 0.336000 ms CreateObjectMapping: 0.280000 ms MarkObjects: 2.212500 ms  DeleteObjects: 0.066300 ms)

========================================================================
Received Prepare
Registering precompiled user dll's ...
Registered in 0.004189 seconds.
Begin MonoManager ReloadAssembly
Native extension for WindowsStandalone target not found
Native extension for WebGL target not found
Refreshing native plugins compatible for Editor in 0.58 ms, found 1 plugins.
Preloading 0 native plugins for Editor in 0.00 ms.
Mono: successfully reloaded assembly
- Completed reload, in  1.244 seconds
Platform modules already initialized, skipping
Refreshing native plugins compatible for Editor in 0.61 ms, found 1 plugins.
Preloading 0 native plugins for Editor in 0.00 ms.
Unloading 2667 Unused Serialized files (Serialized files now loaded: 0)
System memory in use before: 119.9 MB.
System memory in use after: 120.1 MB.

Unloading 10 unused Assets to reduce memory usage. Loaded Objects now: 3289.
Total: 3.027700 ms (FindLiveObjects: 0.242400 ms CreateObjectMapping: 0.136400 ms MarkObjects: 2.561900 ms  DeleteObjects: 0.086000 ms)

========================================================================
Received Prepare
Registering precompiled user dll's ...
Registered in 0.004388 seconds.
Begin MonoManager ReloadAssembly
Native extension for WindowsStandalone target not found
Native extension for WebGL target not found
Refreshing native plugins compatible for Editor in 0.72 ms, found 1 plugins.
Preloading 0 native plugins for Editor in 0.00 ms.
Mono: successfully reloaded assembly
- Completed reload, in  1.246 seconds
Platform modules already initialized, skipping
Refreshing native plugins compatible for Editor in 0.75 ms, found 1 plugins.
Preloading 0 native plugins for Editor in 0.00 ms.
Unloading 2667 Unused Serialized files (Serialized files now loaded: 0)
System memory in use before: 119.9 MB.
System memory in use after: 120.1 MB.

Unloading 10 unused Assets to reduce memory usage. Loaded Objects now: 3292.
Total: 2.787800 ms (FindLiveObjects: 0.278900 ms CreateObjectMapping: 0.186400 ms MarkObjects: 2.198800 ms  DeleteObjects: 0.122600 ms)

========================================================================
Received Prepare
Registering precompiled user dll's ...
Registered in 0.006364 seconds.
Begin MonoManager ReloadAssembly
Native extension for WindowsStandalone target not found
Native extension for WebGL target not found
Refreshing native plugins compatible for Editor in 0.79 ms, found 1 plugins.
Preloading 0 native plugins for Editor in 0.00 ms.
Mono: successfully reloaded assembly
- Completed reload, in  1.414 seconds
Platform modules already initialized, skipping
Refreshing native plugins compatible for Editor in 0.59 ms, found 1 plugins.
Preloading 0 native plugins for Editor in 0.00 ms.
Unloading 2667 Unused Serialized files (Serialized files now loaded: 0)
System memory in use before: 119.9 MB.
System memory in use after: 120.1 MB.

Unloading 10 unused Assets to reduce memory usage. Loaded Objects now: 3295.
Total: 2.697500 ms (FindLiveObjects: 0.378200 ms CreateObjectMapping: 0.132800 ms MarkObjects: 2.098900 ms  DeleteObjects: 0.086600 ms)

========================================================================
Received Prepare
Registering precompiled user dll's ...
Registered in 0.005496 seconds.
Begin MonoManager ReloadAssembly
Native extension for WindowsStandalone target not found
Native extension for WebGL target not found
Refreshing native plugins compatible for Editor in 0.60 ms, found 1 plugins.
Preloading 0 native plugins for Editor in 0.00 ms.
Mono: successfully reloaded assembly
- Completed reload, in  1.187 seconds
Platform modules already initialized, skipping
Refreshing native plugins compatible for Editor in 0.66 ms, found 1 plugins.
Preloading 0 native plugins for Editor in 0.00 ms.
Unloading 2667 Unused Serialized files (Serialized files now loaded: 0)
System memory in use before: 119.9 MB.
System memory in use after: 120.1 MB.

Unloading 10 unused Assets to reduce memory usage. Loaded Objects now: 3298.
Total: 3.424600 ms (FindLiveObjects: 0.420700 ms CreateObjectMapping: 0.305400 ms MarkObjects: 2.607600 ms  DeleteObjects: 0.080900 ms)

========================================================================
Received Prepare
Registering precompiled user dll's ...
Registered in 0.004272 seconds.
Begin MonoManager ReloadAssembly
Native extension for WindowsStandalone target not found
Native extension for WebGL target not found
Refreshing native plugins compatible for Editor in 0.58 ms, found 1 plugins.
Preloading 0 native plugins for Editor in 0.00 ms.
Mono: successfully reloaded assembly
- Completed reload, in  1.324 seconds
Platform modules already initialized, skipping
Refreshing native plugins compatible for Editor in 0.64 ms, found 1 plugins.
Preloading 0 native plugins for Editor in 0.00 ms.
Unloading 2667 Unused Serialized files (Serialized files now loaded: 0)
System memory in use before: 119.9 MB.
System memory in use after: 120.1 MB.

Unloading 10 unused Assets to reduce memory usage. Loaded Objects now: 3301.
Total: 3.599800 ms (FindLiveObjects: 0.367300 ms CreateObjectMapping: 0.266400 ms MarkObjects: 2.862200 ms  DeleteObjects: 0.102800 ms)

========================================================================
Received Prepare
Registering precompiled user dll's ...
Registered in 0.004363 seconds.
Begin MonoManager ReloadAssembly
Native extension for WindowsStandalone target not found
Native extension for WebGL target not found
Refreshing native plugins compatible for Editor in 0.62 ms, found 1 plugins.
Preloading 0 native plugins for Editor in 0.00 ms.
Mono: successfully reloaded assembly
- Completed reload, in  1.408 seconds
Platform modules already initialized, skipping
Refreshing native plugins compatible for Editor in 0.60 ms, found 1 plugins.
Preloading 0 native plugins for Editor in 0.00 ms.
Unloading 2667 Unused Serialized files (Serialized files now loaded: 0)
System memory in use before: 119.9 MB.
System memory in use after: 120.1 MB.

Unloading 10 unused Assets to reduce memory usage. Loaded Objects now: 3304.
Total: 2.627100 ms (FindLiveObjects: 0.251500 ms CreateObjectMapping: 0.132100 ms MarkObjects: 2.151700 ms  DeleteObjects: 0.090700 ms)

========================================================================
Received Import Request.
  Time since last request: 8077.009316 seconds.
  path: Assets/Stuffs/_Source_Files/Textures/Ready.png
  artifactKey: Guid(3149f340384509741bc31da8cc4ba096) Importer(815301076,1909f56bfc062723c751e8b465ee728b)
Start importing Assets/Stuffs/_Source_Files/Textures/Ready.png using Guid(3149f340384509741bc31da8cc4ba096) Importer(815301076,1909f56bfc062723c751e8b465ee728b)  -> (artifact id: '9f66a15d2f770c2267b81a796c06028f') in 0.119889 seconds 
========================================================================
Received Prepare
Registering precompiled user dll's ...
Registered in 0.005284 seconds.
Begin MonoManager ReloadAssembly
Native extension for WindowsStandalone target not found
Native extension for WebGL target not found
Refreshing native plugins compatible for Editor in 1.16 ms, found 1 plugins.
Preloading 0 native plugins for Editor in 0.00 ms.
Mono: successfully reloaded assembly
- Completed reload, in  1.517 seconds
Platform modules already initialized, skipping
Refreshing native plugins compatible for Editor in 0.61 ms, found 1 plugins.
Preloading 0 native plugins for Editor in 0.00 ms.
Unloading 2668 Unused Serialized files (Serialized files now loaded: 0)
System memory in use before: 121.2 MB.
System memory in use after: 121.4 MB.

Unloading 10 unused Assets to reduce memory usage. Loaded Objects now: 3324.
Total: 2.463300 ms (FindLiveObjects: 0.269900 ms CreateObjectMapping: 0.143700 ms MarkObjects: 1.984600 ms  DeleteObjects: 0.064000 ms)

========================================================================
Received Prepare
Registering precompiled user dll's ...
Registered in 0.008107 seconds.
Begin MonoManager ReloadAssembly
Native extension for WindowsStandalone target not found
Native extension for WebGL target not found
Refreshing native plugins compatible for Editor in 0.80 ms, found 1 plugins.
Preloading 0 native plugins for Editor in 0.00 ms.
Mono: successfully reloaded assembly
- Completed reload, in  1.438 seconds
Platform modules already initialized, skipping
Refreshing native plugins compatible for Editor in 0.68 ms, found 1 plugins.
Preloading 0 native plugins for Editor in 0.00 ms.
Unloading 2714 Unused Serialized files (Serialized files now loaded: 0)
System memory in use before: 124.1 MB.
System memory in use after: 123.6 MB.

Unloading 23 unused Assets to reduce memory usage. Loaded Objects now: 3361.
Total: 4.078200 ms (FindLiveObjects: 0.476300 ms CreateObjectMapping: 0.337500 ms MarkObjects: 2.751100 ms  DeleteObjects: 0.511600 ms)

========================================================================
Received Prepare
Registering precompiled user dll's ...
Registered in 0.004045 seconds.
Begin MonoManager ReloadAssembly
Native extension for WindowsStandalone target not found
Native extension for WebGL target not found
Refreshing native plugins compatible for Editor in 0.82 ms, found 1 plugins.
Preloading 0 native plugins for Editor in 0.00 ms.
Mono: successfully reloaded assembly
- Completed reload, in  1.321 seconds
Platform modules already initialized, skipping
Refreshing native plugins compatible for Editor in 0.77 ms, found 1 plugins.
Preloading 0 native plugins for Editor in 0.00 ms.
Unloading 2714 Unused Serialized files (Serialized files now loaded: 0)
System memory in use before: 124.1 MB.
System memory in use after: 123.6 MB.

Unloading 23 unused Assets to reduce memory usage. Loaded Objects now: 3364.
Total: 3.617200 ms (FindLiveObjects: 0.373900 ms CreateObjectMapping: 0.322800 ms MarkObjects: 2.404100 ms  DeleteObjects: 0.515000 ms)

========================================================================
Received Prepare
Registering precompiled user dll's ...
Registered in 0.004176 seconds.
Begin MonoManager ReloadAssembly
Native extension for WindowsStandalone target not found
Native extension for WebGL target not found
Refreshing native plugins compatible for Editor in 0.65 ms, found 1 plugins.
Preloading 0 native plugins for Editor in 0.00 ms.
Mono: successfully reloaded assembly
- Completed reload, in  1.292 seconds
Platform modules already initialized, skipping
Refreshing native plugins compatible for Editor in 0.70 ms, found 1 plugins.
Preloading 0 native plugins for Editor in 0.00 ms.
Unloading 2714 Unused Serialized files (Serialized files now loaded: 0)
System memory in use before: 124.1 MB.
System memory in use after: 123.7 MB.

Unloading 23 unused Assets to reduce memory usage. Loaded Objects now: 3367.
Total: 2.943800 ms (FindLiveObjects: 0.298000 ms CreateObjectMapping: 0.141200 ms MarkObjects: 2.115800 ms  DeleteObjects: 0.387900 ms)

========================================================================
Received Prepare
Registering precompiled user dll's ...
Registered in 0.004405 seconds.
Begin MonoManager ReloadAssembly
Native extension for WindowsStandalone target not found
Native extension for WebGL target not found
Refreshing native plugins compatible for Editor in 0.69 ms, found 1 plugins.
Preloading 0 native plugins for Editor in 0.00 ms.
Mono: successfully reloaded assembly
- Completed reload, in  1.324 seconds
Platform modules already initialized, skipping
Refreshing native plugins compatible for Editor in 0.60 ms, found 1 plugins.
Preloading 0 native plugins for Editor in 0.00 ms.
Unloading 2714 Unused Serialized files (Serialized files now loaded: 0)
System memory in use before: 124.1 MB.
System memory in use after: 123.7 MB.

Unloading 23 unused Assets to reduce memory usage. Loaded Objects now: 3370.
Total: 3.344900 ms (FindLiveObjects: 0.524400 ms CreateObjectMapping: 0.170300 ms MarkObjects: 2.247200 ms  DeleteObjects: 0.401600 ms)

========================================================================
Received Prepare
Registering precompiled user dll's ...
Registered in 0.006691 seconds.
Begin MonoManager ReloadAssembly
Native extension for WindowsStandalone target not found
Native extension for WebGL target not found
Refreshing native plugins compatible for Editor in 0.63 ms, found 1 plugins.
Preloading 0 native plugins for Editor in 0.00 ms.
Mono: successfully reloaded assembly
- Completed reload, in  1.326 seconds
Platform modules already initialized, skipping
Refreshing native plugins compatible for Editor in 0.69 ms, found 1 plugins.
Preloading 0 native plugins for Editor in 0.00 ms.
Unloading 2714 Unused Serialized files (Serialized files now loaded: 0)
System memory in use before: 124.1 MB.
System memory in use after: 123.7 MB.

Unloading 23 unused Assets to reduce memory usage. Loaded Objects now: 3373.
Total: 3.908700 ms (FindLiveObjects: 0.388500 ms CreateObjectMapping: 0.324600 ms MarkObjects: 2.757100 ms  DeleteObjects: 0.437200 ms)

========================================================================
Received Prepare
Registering precompiled user dll's ...
Registered in 0.004036 seconds.
Begin MonoManager ReloadAssembly
Native extension for WindowsStandalone target not found
Native extension for WebGL target not found
Refreshing native plugins compatible for Editor in 0.64 ms, found 1 plugins.
Preloading 0 native plugins for Editor in 0.00 ms.
Mono: successfully reloaded assembly
- Completed reload, in  1.225 seconds
Platform modules already initialized, skipping
Refreshing native plugins compatible for Editor in 0.62 ms, found 1 plugins.
Preloading 0 native plugins for Editor in 0.00 ms.
Unloading 2714 Unused Serialized files (Serialized files now loaded: 0)
System memory in use before: 124.1 MB.
System memory in use after: 123.7 MB.

Unloading 23 unused Assets to reduce memory usage. Loaded Objects now: 3376.
Total: 2.995500 ms (FindLiveObjects: 0.250100 ms CreateObjectMapping: 0.134500 ms MarkObjects: 2.262900 ms  DeleteObjects: 0.347000 ms)

========================================================================
Received Import Request.
  Time since last request: 1118.489117 seconds.
  path: Assets/TextMesh Pro/Examples & Extras/Textures/Floor Cement.jpg
  artifactKey: Guid(283f897e4925411ebbaa758b4cb13fc2) Importer(815301076,1909f56bfc062723c751e8b465ee728b)
Start importing Assets/TextMesh Pro/Examples & Extras/Textures/Floor Cement.jpg using Guid(283f897e4925411ebbaa758b4cb13fc2) Importer(815301076,1909f56bfc062723c751e8b465ee728b)  -> (artifact id: '076a69cbe7e42c77587f6babc217a1b1') in 0.117124 seconds 
========================================================================
Received Import Request.
  Time since last request: 0.000234 seconds.
  path: Assets/TextMesh Pro/Examples & Extras/Textures/Brushed Metal 3.jpg
  artifactKey: Guid(f88677df267a41d6be1e7a6133e7d227) Importer(815301076,1909f56bfc062723c751e8b465ee728b)
Start importing Assets/TextMesh Pro/Examples & Extras/Textures/Brushed Metal 3.jpg using Guid(f88677df267a41d6be1e7a6133e7d227) Importer(815301076,1909f56bfc062723c751e8b465ee728b)  -> (artifact id: '39db24a4cc657830f9b8f726026895fc') in 0.023983 seconds 
========================================================================
Received Import Request.
  Time since last request: 111.217025 seconds.
  path: Assets/TextMesh Pro/Resources/Fonts & Materials/LiberationSans SDF.asset
  artifactKey: Guid(8f586378b4e144a9851e7b34d9b748ee) Importer(815301076,1909f56bfc062723c751e8b465ee728b)
Start importing Assets/TextMesh Pro/Resources/Fonts & Materials/LiberationSans SDF.asset using Guid(8f586378b4e144a9851e7b34d9b748ee) Importer(815301076,1909f56bfc062723c751e8b465ee728b)  -> (artifact id: 'f1280cc7be10b532b2897fc8654f95d3') in 0.148801 seconds 
========================================================================
Received Import Request.
  Time since last request: 12.690483 seconds.
  path: Assets/TextMesh Pro/Resources/Fonts & Materials/LiberationSans SDF - Drop Shadow.mat
  artifactKey: Guid(e73a58f6e2794ae7b1b7e50b7fb811b0) Importer(815301076,1909f56bfc062723c751e8b465ee728b)
Start importing Assets/TextMesh Pro/Resources/Fonts & Materials/LiberationSans SDF - Drop Shadow.mat using Guid(e73a58f6e2794ae7b1b7e50b7fb811b0) Importer(815301076,1909f56bfc062723c751e8b465ee728b)  -> (artifact id: 'ca0d2861f60500f05bd29199894f7bb5') in 0.073795 seconds 
========================================================================
Received Import Request.
  Time since last request: 0.000274 seconds.
  path: Assets/TextMesh Pro/Resources/Fonts & Materials/LiberationSans SDF - Outline.mat
  artifactKey: Guid(79459efec17a4d00a321bdcc27bbc385) Importer(815301076,1909f56bfc062723c751e8b465ee728b)
Start importing Assets/TextMesh Pro/Resources/Fonts & Materials/LiberationSans SDF - Outline.mat using Guid(79459efec17a4d00a321bdcc27bbc385) Importer(815301076,1909f56bfc062723c751e8b465ee728b)  -> (artifact id: '289988fcecf3b00d1602f8d2b589f7dd') in 0.071140 seconds 
========================================================================
Received Import Request.
  Time since last request: 0.000247 seconds.
  path: Assets/TextMesh Pro/Resources/Fonts & Materials/LiberationSans SDF - Fallback.asset
  artifactKey: Guid(2e498d1c8094910479dc3e1b768306a4) Importer(815301076,1909f56bfc062723c751e8b465ee728b)
Start importing Assets/TextMesh Pro/Resources/Fonts & Materials/LiberationSans SDF - Fallback.asset using Guid(2e498d1c8094910479dc3e1b768306a4) Importer(815301076,1909f56bfc062723c751e8b465ee728b)  -> (artifact id: 'b8c2210586957436df79bf961aeff06e') in 0.036357 seconds 
========================================================================
Received Prepare
Registering precompiled user dll's ...
Registered in 0.004325 seconds.
Begin MonoManager ReloadAssembly
Native extension for WindowsStandalone target not found
Native extension for WebGL target not found
Refreshing native plugins compatible for Editor in 0.63 ms, found 1 plugins.
Preloading 0 native plugins for Editor in 0.00 ms.
Mono: successfully reloaded assembly
- Completed reload, in  1.264 seconds
Platform modules already initialized, skipping
Refreshing native plugins compatible for Editor in 0.66 ms, found 1 plugins.
Preloading 0 native plugins for Editor in 0.00 ms.
Unloading 2718 Unused Serialized files (Serialized files now loaded: 0)
System memory in use before: 127.4 MB.
System memory in use after: 127.0 MB.

Unloading 22 unused Assets to reduce memory usage. Loaded Objects now: 3477.
Total: 3.752600 ms (FindLiveObjects: 0.518400 ms CreateObjectMapping: 0.292300 ms MarkObjects: 2.534800 ms  DeleteObjects: 0.405900 ms)

========================================================================
Received Import Request.
  Time since last request: 470.130954 seconds.
  path: Assets/TextMesh Pro/Resources/Fonts & Materials/LiberationSans SDF.asset
  artifactKey: Guid(8f586378b4e144a9851e7b34d9b748ee) Importer(815301076,1909f56bfc062723c751e8b465ee728b)
Start importing Assets/TextMesh Pro/Resources/Fonts & Materials/LiberationSans SDF.asset using Guid(8f586378b4e144a9851e7b34d9b748ee) Importer(815301076,1909f56bfc062723c751e8b465ee728b)  -> (artifact id: 'fe2c39a0ea6347282ce2955bb06168d8') in 0.184679 seconds 
========================================================================
Received Prepare
Registering precompiled user dll's ...
Registered in 0.005054 seconds.
Begin MonoManager ReloadAssembly
Native extension for WindowsStandalone target not found
Native extension for WebGL target not found
Refreshing native plugins compatible for Editor in 0.65 ms, found 1 plugins.
Preloading 0 native plugins for Editor in 0.00 ms.
Mono: successfully reloaded assembly
- Completed reload, in  1.324 seconds
Platform modules already initialized, skipping
Refreshing native plugins compatible for Editor in 0.75 ms, found 1 plugins.
Preloading 0 native plugins for Editor in 0.00 ms.
Unloading 2714 Unused Serialized files (Serialized files now loaded: 0)
System memory in use before: 128.6 MB.
System memory in use after: 128.2 MB.

Unloading 22 unused Assets to reduce memory usage. Loaded Objects now: 3496.
Total: 3.073600 ms (FindLiveObjects: 0.369300 ms CreateObjectMapping: 0.165100 ms MarkObjects: 2.208300 ms  DeleteObjects: 0.329600 ms)

========================================================================
Received Prepare
Registering precompiled user dll's ...
Registered in 0.004762 seconds.
Begin MonoManager ReloadAssembly
Native extension for WindowsStandalone target not found
Native extension for WebGL target not found
Refreshing native plugins compatible for Editor in 0.74 ms, found 1 plugins.
Preloading 0 native plugins for Editor in 0.00 ms.
Mono: successfully reloaded assembly
- Completed reload, in  1.217 seconds
Platform modules already initialized, skipping
Refreshing native plugins compatible for Editor in 0.63 ms, found 1 plugins.
Preloading 0 native plugins for Editor in 0.00 ms.
Unloading 2713 Unused Serialized files (Serialized files now loaded: 0)
System memory in use before: 128.6 MB.
System memory in use after: 128.2 MB.

Unloading 22 unused Assets to reduce memory usage. Loaded Objects now: 3499.
Total: 3.514700 ms (FindLiveObjects: 0.357000 ms CreateObjectMapping: 0.155500 ms MarkObjects: 2.563800 ms  DeleteObjects: 0.437600 ms)

========================================================================
Received Prepare
Registering precompiled user dll's ...
Registered in 0.004721 seconds.
Begin MonoManager ReloadAssembly
Native extension for WindowsStandalone target not found
Native extension for WebGL target not found
Refreshing native plugins compatible for Editor in 0.61 ms, found 1 plugins.
Preloading 0 native plugins for Editor in 0.00 ms.
Mono: successfully reloaded assembly
- Completed reload, in  1.560 seconds
Platform modules already initialized, skipping
Refreshing native plugins compatible for Editor in 0.63 ms, found 1 plugins.
Preloading 0 native plugins for Editor in 0.00 ms.
Unloading 2713 Unused Serialized files (Serialized files now loaded: 0)
System memory in use before: 128.6 MB.
System memory in use after: 128.2 MB.

Unloading 22 unused Assets to reduce memory usage. Loaded Objects now: 3502.
Total: 3.119300 ms (FindLiveObjects: 0.262300 ms CreateObjectMapping: 0.133000 ms MarkObjects: 2.378800 ms  DeleteObjects: 0.344400 ms)

AssetImportWorkerClient::OnTransportError - code=2 error=End of file
